          ok  Starting native_osx for sync le-vin-coupe-sync
          ok  le-vin-coupe-sync container still running, restarting unison in container
     command  docker exec le-vin-coupe-sync supervisorctl restart unison
          ok  starting initial sync of le-vin-coupe-sync
     success  Sync container started
     success  Showing unison logs from your sync container: le-vin-coupe-sync
   Sync Log:  UNISON 2.48.4 started propagating changes at 11:11:09.77 on 19 Oct 2017
   Sync Log:  [BGN] Updating file templates/home.html from /host_sync to /app_sync
   Sync Log:  [END] Updating file templates/home.html
   Sync Log:  UNISON 2.48.4 finished propagating changes at 11:11:09.78 on 19 Oct 2017
   Sync Log:  Synchronization complete at 11:11:09  (1 item transferred, 0 skipped, 0 failed)
   Sync Log:  UNISON 2.48.4 started propagating changes at 11:11:20.60 on 19 Oct 2017
   Sync Log:  [BGN] Updating file templates/home.html from /host_sync to /app_sync
   Sync Log:  [END] Updating file templates/home.html
   Sync Log:  UNISON 2.48.4 finished propagating changes at 11:11:20.61 on 19 Oct 2017
   Sync Log:  Synchronization complete at 11:11:20  (1 item transferred, 0 skipped, 0 failed)
   Sync Log:  UNISON 2.48.4 started propagating changes at 11:11:27.91 on 19 Oct 2017
   Sync Log:  [BGN] Updating file templates/home.html from /host_sync to /app_sync
   Sync Log:  [END] Updating file templates/home.html
   Sync Log:  UNISON 2.48.4 finished propagating changes at 11:11:27.92 on 19 Oct 2017
   Sync Log:  Synchronization complete at 11:11:27  (1 item transferred, 0 skipped, 0 failed)
   Sync Log:  UNISON 2.48.4 started propagating changes at 11:11:32.79 on 19 Oct 2017
   Sync Log:  [BGN] Updating file templates/home.html from /host_sync to /app_sync
   Sync Log:  [END] Updating file templates/home.html
   Sync Log:  UNISON 2.48.4 finished propagating changes at 11:11:32.79 on 19 Oct 2017
   Sync Log:  Synchronization complete at 11:11:32  (1 item transferred, 0 skipped, 0 failed)
   Sync Log:  UNISON 2.48.4 started propagating changes at 11:11:58.69 on 19 Oct 2017
   Sync Log:  [BGN] Updating file templates/home.html from /host_sync to /app_sync
   Sync Log:  [END] Updating file templates/home.html
   Sync Log:  UNISON 2.48.4 finished propagating changes at 11:11:58.69 on 19 Oct 2017
   Sync Log:  Synchronization complete at 11:11:58  (1 item transferred, 0 skipped, 0 failed)
   Sync Log:  UNISON 2.48.4 started propagating changes at 11:12:03.54 on 19 Oct 2017
   Sync Log:  [BGN] Updating file templates/home.html from /host_sync to /app_sync
   Sync Log:  [END] Updating file templates/home.html
   Sync Log:  UNISON 2.48.4 finished propagating changes at 11:12:03.55 on 19 Oct 2017
   Sync Log:  Synchronization complete at 11:12:03  (1 item transferred, 0 skipped, 0 failed)
   Sync Log:  UNISON 2.48.4 started propagating changes at 11:12:06.08 on 19 Oct 2017
   Sync Log:  [BGN] Updating file templates/home.html from /host_sync to /app_sync
   Sync Log:  [END] Updating file templates/home.html
   Sync Log:  UNISON 2.48.4 finished propagating changes at 11:12:06.08 on 19 Oct 2017
   Sync Log:  Synchronization complete at 11:12:06  (1 item transferred, 0 skipped, 0 failed)
   Sync Log:  UNISON 2.48.4 started propagating changes at 11:12:25.99 on 19 Oct 2017
   Sync Log:  [BGN] Updating file templates/home.html from /host_sync to /app_sync
   Sync Log:  [END] Updating file templates/home.html
   Sync Log:  UNISON 2.48.4 finished propagating changes at 11:12:26.00 on 19 Oct 2017
   Sync Log:  Synchronization complete at 11:12:26  (1 item transferred, 0 skipped, 0 failed)
   Sync Log:  UNISON 2.48.4 started propagating changes at 11:12:31.76 on 19 Oct 2017
   Sync Log:  [BGN] Updating file templates/home.html from /host_sync to /app_sync
   Sync Log:  [END] Updating file templates/home.html
   Sync Log:  UNISON 2.48.4 finished propagating changes at 11:12:31.76 on 19 Oct 2017
   Sync Log:  Synchronization complete at 11:12:31  (1 item transferred, 0 skipped, 0 failed)
   Sync Log:  UNISON 2.48.4 started propagating changes at 11:12:59.94 on 19 Oct 2017
   Sync Log:  [BGN] Updating file app.py from /host_sync to /app_sync
   Sync Log:  [END] Updating file app.py
   Sync Log:  UNISON 2.48.4 finished propagating changes at 11:12:59.95 on 19 Oct 2017
   Sync Log:  Synchronization complete at 11:12:59  (1 item transferred, 0 skipped, 0 failed)
   Sync Log:  UNISON 2.48.4 started propagating changes at 11:13:05.62 on 19 Oct 2017
   Sync Log:  [BGN] Updating file app.py from /host_sync to /app_sync
   Sync Log:  [END] Updating file app.py
   Sync Log:  UNISON 2.48.4 finished propagating changes at 11:13:05.62 on 19 Oct 2017
   Sync Log:  Synchronization complete at 11:13:05  (1 item transferred, 0 skipped, 0 failed)
   Sync Log:  UNISON 2.48.4 started propagating changes at 11:13:25.45 on 19 Oct 2017
   Sync Log:  [BGN] Updating file app.py from /host_sync to /app_sync
   Sync Log:  [END] Updating file app.py
   Sync Log:  UNISON 2.48.4 finished propagating changes at 11:13:25.46 on 19 Oct 2017
   Sync Log:  Synchronization complete at 11:13:25  (1 item transferred, 0 skipped, 0 failed)
   Sync Log:  UNISON 2.48.4 started propagating changes at 11:16:52.88 on 19 Oct 2017
   Sync Log:  [BGN] Updating file app.py from /host_sync to /app_sync
   Sync Log:  [END] Updating file app.py
   Sync Log:  UNISON 2.48.4 finished propagating changes at 11:16:52.88 on 19 Oct 2017
   Sync Log:  Synchronization complete at 11:16:52  (1 item transferred, 0 skipped, 0 failed)
   Sync Log:  UNISON 2.48.4 started propagating changes at 11:16:56.17 on 19 Oct 2017
   Sync Log:  [BGN] Updating file app.py from /host_sync to /app_sync
   Sync Log:  [END] Updating file app.py
   Sync Log:  UNISON 2.48.4 finished propagating changes at 11:16:56.17 on 19 Oct 2017
   Sync Log:  Synchronization complete at 11:16:56  (1 item transferred, 0 skipped, 0 failed)
   Sync Log:  UNISON 2.48.4 started propagating changes at 11:17:51.30 on 19 Oct 2017
   Sync Log:  [BGN] Updating file app.py from /host_sync to /app_sync
   Sync Log:  [END] Updating file app.py
   Sync Log:  UNISON 2.48.4 finished propagating changes at 11:17:51.31 on 19 Oct 2017
   Sync Log:  Synchronization complete at 11:17:51  (1 item transferred, 0 skipped, 0 failed)
   Sync Log:  UNISON 2.48.4 started propagating changes at 11:17:59.29 on 19 Oct 2017
   Sync Log:  [BGN] Updating file app.py from /host_sync to /app_sync
   Sync Log:  [END] Updating file app.py
   Sync Log:  UNISON 2.48.4 finished propagating changes at 11:17:59.29 on 19 Oct 2017
   Sync Log:  Synchronization complete at 11:17:59  (1 item transferred, 0 skipped, 0 failed)
   Sync Log:  UNISON 2.48.4 started propagating changes at 11:18:18.84 on 19 Oct 2017
   Sync Log:  [BGN] Updating file app.py from /host_sync to /app_sync
   Sync Log:  [END] Updating file app.py
   Sync Log:  UNISON 2.48.4 finished propagating changes at 11:18:18.84 on 19 Oct 2017
   Sync Log:  Synchronization complete at 11:18:18  (1 item transferred, 0 skipped, 0 failed)
   Sync Log:  UNISON 2.48.4 started propagating changes at 11:18:34.62 on 19 Oct 2017
   Sync Log:  [BGN] Updating file app.py from /host_sync to /app_sync
   Sync Log:  [END] Updating file app.py
   Sync Log:  UNISON 2.48.4 finished propagating changes at 11:18:34.63 on 19 Oct 2017
   Sync Log:  Synchronization complete at 11:18:34  (1 item transferred, 0 skipped, 0 failed)
   Sync Log:  UNISON 2.48.4 started propagating changes at 11:20:35.06 on 19 Oct 2017
   Sync Log:  [BGN] Updating file app.py from /host_sync to /app_sync
   Sync Log:  [END] Updating file app.py
   Sync Log:  UNISON 2.48.4 finished propagating changes at 11:20:35.06 on 19 Oct 2017
   Sync Log:  Synchronization complete at 11:20:35  (1 item transferred, 0 skipped, 0 failed)
   Sync Log:  UNISON 2.48.4 started propagating changes at 11:20:56.09 on 19 Oct 2017
   Sync Log:  [BGN] Copying user.py from /host_sync to /app_sync
   Sync Log:  [END] Copying user.py
   Sync Log:  UNISON 2.48.4 finished propagating changes at 11:20:56.09 on 19 Oct 2017
   Sync Log:  Synchronization complete at 11:20:56  (1 item transferred, 0 skipped, 0 failed)
   Sync Log:  UNISON 2.48.4 started propagating changes at 11:21:01.33 on 19 Oct 2017
   Sync Log:  [BGN] Updating file user.py from /host_sync to /app_sync
   Sync Log:  [END] Updating file user.py
   Sync Log:  UNISON 2.48.4 finished propagating changes at 11:21:01.34 on 19 Oct 2017
   Sync Log:  Synchronization complete at 11:21:01  (1 item transferred, 0 skipped, 0 failed)
   Sync Log:  UNISON 2.48.4 started propagating changes at 11:21:28.61 on 19 Oct 2017
   Sync Log:  [BGN] Updating file user.py from /host_sync to /app_sync
   Sync Log:  [END] Updating file user.py
   Sync Log:  UNISON 2.48.4 finished propagating changes at 11:21:28.62 on 19 Oct 2017
   Sync Log:  Synchronization complete at 11:21:28  (1 item transferred, 0 skipped, 0 failed)
   Sync Log:  UNISON 2.48.4 started propagating changes at 11:21:33.94 on 19 Oct 2017
   Sync Log:  [BGN] Updating file user.py from /host_sync to /app_sync
   Sync Log:  [END] Updating file user.py
   Sync Log:  UNISON 2.48.4 finished propagating changes at 11:21:33.94 on 19 Oct 2017
   Sync Log:  Synchronization complete at 11:21:33  (1 item transferred, 0 skipped, 0 failed)
   Sync Log:  UNISON 2.48.4 started propagating changes at 11:21:35.96 on 19 Oct 2017
   Sync Log:  [BGN] Updating file user.py from /host_sync to /app_sync
   Sync Log:  [END] Updating file user.py
   Sync Log:  UNISON 2.48.4 finished propagating changes at 11:21:35.96 on 19 Oct 2017
   Sync Log:  Synchronization complete at 11:21:35  (1 item transferred, 0 skipped, 0 failed)
   Sync Log:  UNISON 2.48.4 started propagating changes at 11:21:37.98 on 19 Oct 2017
   Sync Log:  [BGN] Updating file user.py from /host_sync to /app_sync
   Sync Log:  [END] Updating file user.py
   Sync Log:  UNISON 2.48.4 finished propagating changes at 11:21:37.98 on 19 Oct 2017
   Sync Log:  Synchronization complete at 11:21:37  (1 item transferred, 0 skipped, 0 failed)
   Sync Log:  UNISON 2.48.4 started propagating changes at 11:22:13.42 on 19 Oct 2017
   Sync Log:  [BGN] Copying LeVinEmployee.db from /host_sync to /app_sync
   Sync Log:  [END] Copying LeVinEmployee.db
   Sync Log:  UNISON 2.48.4 finished propagating changes at 11:22:13.43 on 19 Oct 2017
   Sync Log:  Synchronization complete at 11:22:13  (1 item transferred, 0 skipped, 0 failed)
   Sync Log:  UNISON 2.48.4 started propagating changes at 11:22:41.34 on 19 Oct 2017
   Sync Log:  [BGN] Updating file user.py from /host_sync to /app_sync
   Sync Log:  [END] Updating file user.py
   Sync Log:  UNISON 2.48.4 finished propagating changes at 11:22:41.34 on 19 Oct 2017
   Sync Log:  Synchronization complete at 11:22:41  (1 item transferred, 0 skipped, 0 failed)
   Sync Log:  UNISON 2.48.4 started propagating changes at 11:22:50.09 on 19 Oct 2017
   Sync Log:  [BGN] Updating file user.py from /host_sync to /app_sync
   Sync Log:  [END] Updating file user.py
   Sync Log:  UNISON 2.48.4 finished propagating changes at 11:22:50.09 on 19 Oct 2017
   Sync Log:  Synchronization complete at 11:22:50  (1 item transferred, 0 skipped, 0 failed)
   Sync Log:  UNISON 2.48.4 started propagating changes at 11:22:55.31 on 19 Oct 2017
   Sync Log:  [BGN] Updating file user.py from /host_sync to /app_sync
   Sync Log:  [END] Updating file user.py
   Sync Log:  UNISON 2.48.4 finished propagating changes at 11:22:55.32 on 19 Oct 2017
   Sync Log:  Synchronization complete at 11:22:55  (1 item transferred, 0 skipped, 0 failed)
   Sync Log:  UNISON 2.48.4 started propagating changes at 11:23:03.35 on 19 Oct 2017
   Sync Log:  [BGN] Updating file user.py from /host_sync to /app_sync
   Sync Log:  [END] Updating file user.py
   Sync Log:  UNISON 2.48.4 finished propagating changes at 11:23:03.35 on 19 Oct 2017
   Sync Log:  Synchronization complete at 11:23:03  (1 item transferred, 0 skipped, 0 failed)
   Sync Log:  UNISON 2.48.4 started propagating changes at 11:23:05.38 on 19 Oct 2017
   Sync Log:  [BGN] Updating file user.py from /host_sync to /app_sync
   Sync Log:  [END] Updating file user.py
   Sync Log:  UNISON 2.48.4 finished propagating changes at 11:23:05.38 on 19 Oct 2017
   Sync Log:  Synchronization complete at 11:23:05  (1 item transferred, 0 skipped, 0 failed)
   Sync Log:  UNISON 2.48.4 started propagating changes at 11:23:25.19 on 19 Oct 2017
   Sync Log:  [BGN] Updating file user.py from /host_sync to /app_sync
   Sync Log:  [END] Updating file user.py
   Sync Log:  UNISON 2.48.4 finished propagating changes at 11:23:25.19 on 19 Oct 2017
   Sync Log:  Synchronization complete at 11:23:25  (1 item transferred, 0 skipped, 0 failed)
   Sync Log:  UNISON 2.48.4 started propagating changes at 11:23:27.21 on 19 Oct 2017
   Sync Log:  [BGN] Updating file user.py from /host_sync to /app_sync
   Sync Log:  [END] Updating file user.py
   Sync Log:  UNISON 2.48.4 finished propagating changes at 11:23:27.21 on 19 Oct 2017
   Sync Log:  Synchronization complete at 11:23:27  (1 item transferred, 0 skipped, 0 failed)
   Sync Log:  UNISON 2.48.4 started propagating changes at 11:23:40.17 on 19 Oct 2017
   Sync Log:  [BGN] Updating file user.py from /host_sync to /app_sync
   Sync Log:  [END] Updating file user.py
   Sync Log:  UNISON 2.48.4 finished propagating changes at 11:23:40.18 on 19 Oct 2017
   Sync Log:  Synchronization complete at 11:23:40  (1 item transferred, 0 skipped, 0 failed)
   Sync Log:  UNISON 2.48.4 started propagating changes at 11:23:53.13 on 19 Oct 2017
   Sync Log:  [BGN] Updating file user.py from /host_sync to /app_sync
   Sync Log:  [END] Updating file user.py
   Sync Log:  UNISON 2.48.4 finished propagating changes at 11:23:53.13 on 19 Oct 2017
   Sync Log:  Synchronization complete at 11:23:53  (1 item transferred, 0 skipped, 0 failed)
   Sync Log:  UNISON 2.48.4 started propagating changes at 11:24:06.38 on 19 Oct 2017
   Sync Log:  [BGN] Updating file user.py from /host_sync to /app_sync
   Sync Log:  [END] Updating file user.py
   Sync Log:  UNISON 2.48.4 finished propagating changes at 11:24:06.38 on 19 Oct 2017
   Sync Log:  Synchronization complete at 11:24:06  (1 item transferred, 0 skipped, 0 failed)
   Sync Log:  UNISON 2.48.4 started propagating changes at 11:24:20.67 on 19 Oct 2017
   Sync Log:  [BGN] Updating file user.py from /host_sync to /app_sync
   Sync Log:  [END] Updating file user.py
   Sync Log:  UNISON 2.48.4 finished propagating changes at 11:24:20.67 on 19 Oct 2017
   Sync Log:  Synchronization complete at 11:24:20  (1 item transferred, 0 skipped, 0 failed)
   Sync Log:  UNISON 2.48.4 started propagating changes at 11:24:51.24 on 19 Oct 2017
   Sync Log:  [BGN] Updating file user.py from /host_sync to /app_sync
   Sync Log:  [END] Updating file user.py
   Sync Log:  UNISON 2.48.4 finished propagating changes at 11:24:51.25 on 19 Oct 2017
   Sync Log:  Synchronization complete at 11:24:51  (1 item transferred, 0 skipped, 0 failed)
   Sync Log:  UNISON 2.48.4 started propagating changes at 11:25:00.65 on 19 Oct 2017
   Sync Log:  [BGN] Updating file app.py from /host_sync to /app_sync
   Sync Log:  [END] Updating file app.py
   Sync Log:  UNISON 2.48.4 finished propagating changes at 11:25:00.65 on 19 Oct 2017
   Sync Log:  Synchronization complete at 11:25:00  (1 item transferred, 0 skipped, 0 failed)
   Sync Log:  UNISON 2.48.4 started propagating changes at 11:25:05.31 on 19 Oct 2017
   Sync Log:  [BGN] Updating file app.py from /host_sync to /app_sync
   Sync Log:  [END] Updating file app.py
   Sync Log:  UNISON 2.48.4 finished propagating changes at 11:25:05.31 on 19 Oct 2017
   Sync Log:  Synchronization complete at 11:25:05  (1 item transferred, 0 skipped, 0 failed)
   Sync Log:  UNISON 2.48.4 started propagating changes at 11:25:21.50 on 19 Oct 2017
   Sync Log:  [BGN] Updating file app.py from /host_sync to /app_sync
   Sync Log:  [END] Updating file app.py
   Sync Log:  UNISON 2.48.4 finished propagating changes at 11:25:21.50 on 19 Oct 2017
   Sync Log:  Synchronization complete at 11:25:21  (1 item transferred, 0 skipped, 0 failed)
   Sync Log:  UNISON 2.48.4 started propagating changes at 11:26:13.74 on 19 Oct 2017
   Sync Log:  [BGN] Updating file user.py from /host_sync to /app_sync
   Sync Log:  [END] Updating file user.py
   Sync Log:  UNISON 2.48.4 finished propagating changes at 11:26:13.75 on 19 Oct 2017
   Sync Log:  Synchronization complete at 11:26:13  (1 item transferred, 0 skipped, 0 failed)
   Sync Log:  UNISON 2.48.4 started propagating changes at 11:26:16.27 on 19 Oct 2017
   Sync Log:  [BGN] Updating file user.py from /host_sync to /app_sync
   Sync Log:  [END] Updating file user.py
   Sync Log:  UNISON 2.48.4 finished propagating changes at 11:26:16.27 on 19 Oct 2017
   Sync Log:  Synchronization complete at 11:26:16  (1 item transferred, 0 skipped, 0 failed)
   Sync Log:  UNISON 2.48.4 started propagating changes at 11:26:39.94 on 19 Oct 2017
   Sync Log:  [BGN] Updating file user.py from /host_sync to /app_sync
   Sync Log:  [END] Updating file user.py
   Sync Log:  UNISON 2.48.4 finished propagating changes at 11:26:39.95 on 19 Oct 2017
   Sync Log:  Synchronization complete at 11:26:39  (1 item transferred, 0 skipped, 0 failed)
   Sync Log:  UNISON 2.48.4 started propagating changes at 11:26:48.66 on 19 Oct 2017
   Sync Log:  [BGN] Updating file user.py from /host_sync to /app_sync
   Sync Log:  [END] Updating file user.py
   Sync Log:  UNISON 2.48.4 finished propagating changes at 11:26:48.67 on 19 Oct 2017
   Sync Log:  Synchronization complete at 11:26:48  (1 item transferred, 0 skipped, 0 failed)
   Sync Log:  UNISON 2.48.4 started propagating changes at 11:26:55.63 on 19 Oct 2017
   Sync Log:  [BGN] Copying __pycache__ from /host_sync to /app_sync
   Sync Log:  [END] Copying __pycache__
   Sync Log:  UNISON 2.48.4 finished propagating changes at 11:26:55.64 on 19 Oct 2017
   Sync Log:  Synchronization complete at 11:26:55  (1 item transferred, 0 skipped, 0 failed)
   Sync Log:  UNISON 2.48.4 started propagating changes at 11:27:30.82 on 19 Oct 2017
   Sync Log:  [BGN] Updating file app.py from /host_sync to /app_sync
   Sync Log:  [END] Updating file app.py
   Sync Log:  UNISON 2.48.4 finished propagating changes at 11:27:30.83 on 19 Oct 2017
   Sync Log:  Synchronization complete at 11:27:30  (1 item transferred, 0 skipped, 0 failed)
   Sync Log:  UNISON 2.48.4 started propagating changes at 11:27:51.70 on 19 Oct 2017
   Sync Log:  [BGN] Updating file app.py from /host_sync to /app_sync
   Sync Log:  [END] Updating file app.py
   Sync Log:  UNISON 2.48.4 finished propagating changes at 11:27:51.70 on 19 Oct 2017
   Sync Log:  Synchronization complete at 11:27:51  (1 item transferred, 0 skipped, 0 failed)
   Sync Log:  UNISON 2.48.4 started propagating changes at 11:27:59.69 on 19 Oct 2017
   Sync Log:  [BGN] Updating file app.py from /host_sync to /app_sync
   Sync Log:  [END] Updating file app.py
   Sync Log:  UNISON 2.48.4 finished propagating changes at 11:27:59.69 on 19 Oct 2017
   Sync Log:  Synchronization complete at 11:27:59  (1 item transferred, 0 skipped, 0 failed)
   Sync Log:  UNISON 2.48.4 started propagating changes at 11:28:29.31 on 19 Oct 2017
   Sync Log:  [BGN] Updating file user.py from /host_sync to /app_sync
   Sync Log:  [END] Updating file user.py
   Sync Log:  UNISON 2.48.4 finished propagating changes at 11:28:29.31 on 19 Oct 2017
   Sync Log:  Synchronization complete at 11:28:29  (1 item transferred, 0 skipped, 0 failed)
   Sync Log:  UNISON 2.48.4 started propagating changes at 11:28:38.82 on 19 Oct 2017
   Sync Log:  [BGN] Updating file user.py from /host_sync to /app_sync
   Sync Log:  [END] Updating file user.py
   Sync Log:  UNISON 2.48.4 finished propagating changes at 11:28:38.83 on 19 Oct 2017
   Sync Log:  Synchronization complete at 11:28:38  (1 item transferred, 0 skipped, 0 failed)
   Sync Log:  UNISON 2.48.4 started propagating changes at 11:28:42.92 on 19 Oct 2017
   Sync Log:  [BGN] Updating file __pycache__/user.cpython-36.pyc from /host_sync to /app_sync
   Sync Log:  [END] Updating file __pycache__/user.cpython-36.pyc
   Sync Log:  UNISON 2.48.4 finished propagating changes at 11:28:42.92 on 19 Oct 2017
   Sync Log:  Synchronization complete at 11:28:42  (1 item transferred, 0 skipped, 0 failed)
   Sync Log:  UNISON 2.48.4 started propagating changes at 11:29:03.36 on 19 Oct 2017
   Sync Log:  [BGN] Updating file __pycache__/user.cpython-36.pyc from /host_sync to /app_sync
   Sync Log:  [END] Updating file __pycache__/user.cpython-36.pyc
   Sync Log:  [BGN] Updating file user.py from /host_sync to /app_sync
   Sync Log:  [END] Updating file user.py
   Sync Log:  UNISON 2.48.4 finished propagating changes at 11:29:03.37 on 19 Oct 2017
   Sync Log:  Synchronization complete at 11:29:03  (2 items transferred, 0 skipped, 0 failed)
   Sync Log:  UNISON 2.48.4 started propagating changes at 11:29:20.14 on 19 Oct 2017
   Sync Log:  [BGN] Updating file __pycache__/user.cpython-36.pyc from /host_sync to /app_sync
   Sync Log:  [END] Updating file __pycache__/user.cpython-36.pyc
   Sync Log:  UNISON 2.48.4 finished propagating changes at 11:29:20.14 on 19 Oct 2017
   Sync Log:  Synchronization complete at 11:29:20  (1 item transferred, 0 skipped, 0 failed)
   Sync Log:  UNISON 2.48.4 started propagating changes at 11:29:23.18 on 19 Oct 2017
   Sync Log:  [BGN] Updating file __pycache__/user.cpython-36.pyc from /host_sync to /app_sync
   Sync Log:  [END] Updating file __pycache__/user.cpython-36.pyc
   Sync Log:  UNISON 2.48.4 finished propagating changes at 11:29:23.18 on 19 Oct 2017
   Sync Log:  Synchronization complete at 11:29:23  (1 item transferred, 0 skipped, 0 failed)
   Sync Log:  UNISON 2.48.4 started propagating changes at 11:29:32.51 on 19 Oct 2017
   Sync Log:  [BGN] Updating file __pycache__/user.cpython-36.pyc from /host_sync to /app_sync
   Sync Log:  [END] Updating file __pycache__/user.cpython-36.pyc
   Sync Log:  [BGN] Updating file user.py from /host_sync to /app_sync
   Sync Log:  [END] Updating file user.py
   Sync Log:  UNISON 2.48.4 finished propagating changes at 11:29:32.51 on 19 Oct 2017
   Sync Log:  Synchronization complete at 11:29:32  (2 items transferred, 0 skipped, 0 failed)
   Sync Log:  UNISON 2.48.4 started propagating changes at 11:29:58.44 on 19 Oct 2017
   Sync Log:  [BGN] Updating file __pycache__/user.cpython-36.pyc from /host_sync to /app_sync
   Sync Log:  [END] Updating file __pycache__/user.cpython-36.pyc
   Sync Log:  [BGN] Updating file user.py from /host_sync to /app_sync
   Sync Log:  [END] Updating file user.py
   Sync Log:  UNISON 2.48.4 finished propagating changes at 11:29:58.45 on 19 Oct 2017
   Sync Log:  Synchronization complete at 11:29:58  (2 items transferred, 0 skipped, 0 failed)
   Sync Log:  UNISON 2.48.4 started propagating changes at 11:30:21.00 on 19 Oct 2017
   Sync Log:  [BGN] Updating file __pycache__/user.cpython-36.pyc from /host_sync to /app_sync
   Sync Log:  [END] Updating file __pycache__/user.cpython-36.pyc
   Sync Log:  UNISON 2.48.4 finished propagating changes at 11:30:21.01 on 19 Oct 2017
   Sync Log:  Synchronization complete at 11:30:21  (1 item transferred, 0 skipped, 0 failed)
   Sync Log:  UNISON 2.48.4 started propagating changes at 11:32:05.18 on 19 Oct 2017
   Sync Log:  [BGN] Updating file user.py from /host_sync to /app_sync
   Sync Log:  [END] Updating file user.py
   Sync Log:  UNISON 2.48.4 finished propagating changes at 11:32:05.18 on 19 Oct 2017
   Sync Log:  Synchronization complete at 11:32:05  (1 item transferred, 0 skipped, 0 failed)
   Sync Log:  UNISON 2.48.4 started propagating changes at 11:32:29.94 on 19 Oct 2017
   Sync Log:  [BGN] Updating file user.py from /host_sync to /app_sync
   Sync Log:  [END] Updating file user.py
   Sync Log:  UNISON 2.48.4 finished propagating changes at 11:32:29.94 on 19 Oct 2017
   Sync Log:  Synchronization complete at 11:32:29  (1 item transferred, 0 skipped, 0 failed)
   Sync Log:  UNISON 2.48.4 started propagating changes at 11:32:35.00 on 19 Oct 2017
   Sync Log:  [BGN] Updating file __pycache__/user.cpython-36.pyc from /host_sync to /app_sync
   Sync Log:  [END] Updating file __pycache__/user.cpython-36.pyc
   Sync Log:  UNISON 2.48.4 finished propagating changes at 11:32:35.01 on 19 Oct 2017
   Sync Log:  Synchronization complete at 11:32:35  (1 item transferred, 0 skipped, 0 failed)
   Sync Log:  UNISON 2.48.4 started propagating changes at 11:32:47.31 on 19 Oct 2017
   Sync Log:  [BGN] Updating file __pycache__/user.cpython-36.pyc from /host_sync to /app_sync
   Sync Log:  [END] Updating file __pycache__/user.cpython-36.pyc
   Sync Log:  [BGN] Updating file user.py from /host_sync to /app_sync
   Sync Log:  [END] Updating file user.py
   Sync Log:  UNISON 2.48.4 finished propagating changes at 11:32:47.31 on 19 Oct 2017
   Sync Log:  Synchronization complete at 11:32:47  (2 items transferred, 0 skipped, 0 failed)
   Sync Log:  UNISON 2.48.4 started propagating changes at 11:33:21.65 on 19 Oct 2017
   Sync Log:  [BGN] Updating file __pycache__/user.cpython-36.pyc from /host_sync to /app_sync
   Sync Log:  [END] Updating file __pycache__/user.cpython-36.pyc
   Sync Log:  UNISON 2.48.4 finished propagating changes at 11:33:21.65 on 19 Oct 2017
   Sync Log:  Synchronization complete at 11:33:21  (1 item transferred, 0 skipped, 0 failed)
   Sync Log:  Error response from daemon: Bad response from Docker engine
          ok  Starting native_osx for sync le-vin-coupe-sync
          ok  le-vin-coupe-sync container still running, restarting unison in container
     command  docker exec le-vin-coupe-sync supervisorctl restart unison
          ok  starting initial sync of le-vin-coupe-sync
     success  Sync container started
     success  Showing unison logs from your sync container: le-vin-coupe-sync
   Sync Log:  UNISON 2.48.4 started propagating changes at 19:45:31.26 on 19 Oct 2017
   Sync Log:  [BGN] Updating file user.py from /host_sync to /app_sync
   Sync Log:  [END] Updating file user.py
   Sync Log:  UNISON 2.48.4 finished propagating changes at 19:45:31.27 on 19 Oct 2017
   Sync Log:  Synchronization complete at 19:45:31  (1 item transferred, 0 skipped, 0 failed)
   Sync Log:  UNISON 2.48.4 started propagating changes at 19:45:32.27 on 19 Oct 2017
   Sync Log:  [BGN] Updating file __pycache__/user.cpython-36.pyc from /host_sync to /app_sync
   Sync Log:  [END] Updating file __pycache__/user.cpython-36.pyc
   Sync Log:  UNISON 2.48.4 finished propagating changes at 19:45:32.28 on 19 Oct 2017
   Sync Log:  Synchronization complete at 19:45:32  (1 item transferred, 0 skipped, 0 failed)
   Sync Log:  UNISON 2.48.4 started propagating changes at 19:45:53.85 on 19 Oct 2017
   Sync Log:  [BGN] Updating file __pycache__/user.cpython-36.pyc from /host_sync to /app_sync
   Sync Log:  [END] Updating file __pycache__/user.cpython-36.pyc
   Sync Log:  UNISON 2.48.4 finished propagating changes at 19:45:53.85 on 19 Oct 2017
   Sync Log:  Synchronization complete at 19:45:53  (1 item transferred, 0 skipped, 0 failed)
   Sync Log:  UNISON 2.48.4 started propagating changes at 19:45:54.86 on 19 Oct 2017
   Sync Log:  [BGN] Updating file user.py from /host_sync to /app_sync
   Sync Log:  [END] Updating file user.py
   Sync Log:  UNISON 2.48.4 finished propagating changes at 19:45:54.87 on 19 Oct 2017
   Sync Log:  Synchronization complete at 19:45:54  (1 item transferred, 0 skipped, 0 failed)
   Sync Log:  UNISON 2.48.4 started propagating changes at 19:46:34.90 on 19 Oct 2017
   Sync Log:  [BGN] Updating file user.py from /host_sync to /app_sync
   Sync Log:  [END] Updating file user.py
   Sync Log:  UNISON 2.48.4 finished propagating changes at 19:46:34.90 on 19 Oct 2017
   Sync Log:  Synchronization complete at 19:46:34  (1 item transferred, 0 skipped, 0 failed)
   Sync Log:  UNISON 2.48.4 started propagating changes at 19:46:52.60 on 19 Oct 2017
   Sync Log:  [BGN] Updating file user.py from /host_sync to /app_sync
   Sync Log:  [END] Updating file user.py
   Sync Log:  UNISON 2.48.4 finished propagating changes at 19:46:52.60 on 19 Oct 2017
   Sync Log:  Synchronization complete at 19:46:52  (1 item transferred, 0 skipped, 0 failed)
   Sync Log:  UNISON 2.48.4 started propagating changes at 19:47:01.36 on 19 Oct 2017
   Sync Log:  [BGN] Updating file __pycache__/user.cpython-36.pyc from /host_sync to /app_sync
   Sync Log:  [END] Updating file __pycache__/user.cpython-36.pyc
   Sync Log:  UNISON 2.48.4 finished propagating changes at 19:47:01.36 on 19 Oct 2017
   Sync Log:  Synchronization complete at 19:47:01  (1 item transferred, 0 skipped, 0 failed)
   Sync Log:  Error response from daemon: Bad response from Docker engine
          ok  Starting native_osx for sync le-vin-coupe-sync
          ok  le-vin-coupe-sync container still running, restarting unison in container
     command  docker exec le-vin-coupe-sync supervisorctl restart unison
          ok  starting initial sync of le-vin-coupe-sync
     success  Sync container started
     success  Showing unison logs from your sync container: le-vin-coupe-sync
   Sync Log:  [BGN] Copying templates/login.html from /host_sync to /app_sync
   Sync Log:  [END] Copying templates/login.html
   Sync Log:  [BGN] Copying templates/register.html from /host_sync to /app_sync
   Sync Log:  [END] Copying templates/register.html
   Sync Log:  [BGN] Updating file user.py from /host_sync to /app_sync
   Sync Log:  [END] Updating file user.py
   Sync Log:  [BGN] Deleting templates/home.html from /app_sync
   Sync Log:  [END] Deleting templates/home.html
   Sync Log:  UNISON 2.48.4 finished propagating changes at 09:49:28.97 on 25 Oct 2017
   Sync Log:  Synchronization complete at 09:49:28  (8 items transferred, 0 skipped, 0 failed)
   Sync Log:  UNISON 2.48.4 started propagating changes at 09:49:48.65 on 25 Oct 2017
   Sync Log:  [BGN] Updating file LeVinEmployee.db from /host_sync to /app_sync
   Sync Log:  [END] Updating file LeVinEmployee.db
   Sync Log:  UNISON 2.48.4 finished propagating changes at 09:49:48.66 on 25 Oct 2017
   Sync Log:  Synchronization complete at 09:49:48  (1 item transferred, 0 skipped, 0 failed)
   Sync Log:  UNISON 2.48.4 started propagating changes at 09:51:04.79 on 25 Oct 2017
   Sync Log:  [BGN] Copying LeVinEmployee.db-journal from /host_sync to /app_sync
   Sync Log:  [END] Copying LeVinEmployee.db-journal
   Sync Log:  UNISON 2.48.4 finished propagating changes at 09:51:04.79 on 25 Oct 2017
   Sync Log:  Synchronization complete at 09:51:04  (1 item transferred, 0 skipped, 0 failed)
   Sync Log:  UNISON 2.48.4 started propagating changes at 09:51:26.11 on 25 Oct 2017
   Sync Log:  [BGN] Updating file LeVinEmployee.db from /host_sync to /app_sync
   Sync Log:  [END] Updating file LeVinEmployee.db
   Sync Log:  UNISON 2.48.4 finished propagating changes at 09:51:26.12 on 25 Oct 2017
   Sync Log:  Synchronization complete at 09:51:26  (1 item transferred, 0 skipped, 0 failed)
   Sync Log:  UNISON 2.48.4 started propagating changes at 09:53:40.33 on 25 Oct 2017
   Sync Log:  [BGN] Updating file __pycache__/user.cpython-36.pyc from /host_sync to /app_sync
   Sync Log:  [END] Updating file __pycache__/user.cpython-36.pyc
   Sync Log:  [BGN] Updating file user.py from /host_sync to /app_sync
   Sync Log:  [END] Updating file user.py
   Sync Log:  UNISON 2.48.4 finished propagating changes at 09:53:40.33 on 25 Oct 2017
   Sync Log:  Synchronization complete at 09:53:40  (2 items transferred, 0 skipped, 0 failed)
   Sync Log:  UNISON 2.48.4 started propagating changes at 09:53:47.46 on 25 Oct 2017
   Sync Log:  [BGN] Updating file LeVinEmployee.db from /host_sync to /app_sync
   Sync Log:  [END] Updating file LeVinEmployee.db
   Sync Log:  UNISON 2.48.4 finished propagating changes at 09:53:47.46 on 25 Oct 2017
   Sync Log:  Synchronization complete at 09:53:47  (1 item transferred, 0 skipped, 0 failed)
   Sync Log:  UNISON 2.48.4 started propagating changes at 09:53:53.15 on 25 Oct 2017
   Sync Log:  [BGN] Updating file __pycache__/user.cpython-36.pyc from /host_sync to /app_sync
   Sync Log:  [END] Updating file __pycache__/user.cpython-36.pyc
   Sync Log:  UNISON 2.48.4 finished propagating changes at 09:53:53.15 on 25 Oct 2017
   Sync Log:  Synchronization complete at 09:53:53  (1 item transferred, 0 skipped, 0 failed)
   Sync Log:  UNISON 2.48.4 started propagating changes at 09:54:02.82 on 25 Oct 2017
   Sync Log:  [BGN] Updating file user.py from /host_sync to /app_sync
   Sync Log:  [END] Updating file user.py
   Sync Log:  UNISON 2.48.4 finished propagating changes at 09:54:02.83 on 25 Oct 2017
   Sync Log:  Synchronization complete at 09:54:02  (1 item transferred, 0 skipped, 0 failed)
   Sync Log:  UNISON 2.48.4 started propagating changes at 09:54:11.79 on 25 Oct 2017
   Sync Log:  [BGN] Updating file user.py from /host_sync to /app_sync
   Sync Log:  [END] Updating file user.py
   Sync Log:  UNISON 2.48.4 finished propagating changes at 09:54:11.80 on 25 Oct 2017
   Sync Log:  Synchronization complete at 09:54:11  (1 item transferred, 0 skipped, 0 failed)
   Sync Log:  UNISON 2.48.4 started propagating changes at 09:55:03.34 on 25 Oct 2017
   Sync Log:  [BGN] Updating file user.py from /host_sync to /app_sync
   Sync Log:  [END] Updating file user.py
   Sync Log:  UNISON 2.48.4 finished propagating changes at 09:55:03.35 on 25 Oct 2017
   Sync Log:  Synchronization complete at 09:55:03  (1 item transferred, 0 skipped, 0 failed)
   Sync Log:  UNISON 2.48.4 started propagating changes at 09:56:38.17 on 25 Oct 2017
   Sync Log:  [BGN] Updating file user.py from /host_sync to /app_sync
   Sync Log:  [END] Updating file user.py
   Sync Log:  UNISON 2.48.4 finished propagating changes at 09:56:38.17 on 25 Oct 2017
   Sync Log:  Synchronization complete at 09:56:38  (1 item transferred, 0 skipped, 0 failed)
   Sync Log:  UNISON 2.48.4 started propagating changes at 09:57:04.00 on 25 Oct 2017
   Sync Log:  [BGN] Updating file user.py from /host_sync to /app_sync
   Sync Log:  [END] Updating file user.py
   Sync Log:  UNISON 2.48.4 finished propagating changes at 09:57:04.00 on 25 Oct 2017
   Sync Log:  Synchronization complete at 09:57:04  (1 item transferred, 0 skipped, 0 failed)
   Sync Log:  UNISON 2.48.4 started propagating changes at 09:57:41.87 on 25 Oct 2017
   Sync Log:  [BGN] Updating file user.py from /host_sync to /app_sync
   Sync Log:  [END] Updating file user.py
   Sync Log:  UNISON 2.48.4 finished propagating changes at 09:57:41.87 on 25 Oct 2017
   Sync Log:  Synchronization complete at 09:57:41  (1 item transferred, 0 skipped, 0 failed)
   Sync Log:  UNISON 2.48.4 started propagating changes at 09:58:10.67 on 25 Oct 2017
   Sync Log:  [BGN] Updating file user.py from /host_sync to /app_sync
   Sync Log:  [END] Updating file user.py
   Sync Log:  UNISON 2.48.4 finished propagating changes at 09:58:10.67 on 25 Oct 2017
   Sync Log:  Synchronization complete at 09:58:10  (1 item transferred, 0 skipped, 0 failed)
   Sync Log:  UNISON 2.48.4 started propagating changes at 09:58:23.96 on 25 Oct 2017
   Sync Log:  [BGN] Updating file user.py from /host_sync to /app_sync
   Sync Log:  [END] Updating file user.py
   Sync Log:  UNISON 2.48.4 finished propagating changes at 09:58:23.96 on 25 Oct 2017
   Sync Log:  Synchronization complete at 09:58:23  (1 item transferred, 0 skipped, 0 failed)
   Sync Log:  UNISON 2.48.4 started propagating changes at 09:59:04.66 on 25 Oct 2017
   Sync Log:  [BGN] Updating file user.py from /host_sync to /app_sync
   Sync Log:  [END] Updating file user.py
   Sync Log:  UNISON 2.48.4 finished propagating changes at 09:59:04.66 on 25 Oct 2017
   Sync Log:  Synchronization complete at 09:59:04  (1 item transferred, 0 skipped, 0 failed)
   Sync Log:  UNISON 2.48.4 started propagating changes at 09:59:37.60 on 25 Oct 2017
   Sync Log:  [BGN] Updating file user.py from /host_sync to /app_sync
   Sync Log:  [END] Updating file user.py
   Sync Log:  UNISON 2.48.4 finished propagating changes at 09:59:37.60 on 25 Oct 2017
   Sync Log:  Synchronization complete at 09:59:37  (1 item transferred, 0 skipped, 0 failed)
   Sync Log:  UNISON 2.48.4 started propagating changes at 09:59:41.35 on 25 Oct 2017
   Sync Log:  [BGN] Updating file __pycache__/user.cpython-36.pyc from /host_sync to /app_sync
   Sync Log:  [END] Updating file __pycache__/user.cpython-36.pyc
   Sync Log:  UNISON 2.48.4 finished propagating changes at 09:59:41.35 on 25 Oct 2017
   Sync Log:  Synchronization complete at 09:59:41  (1 item transferred, 0 skipped, 0 failed)
   Sync Log:  UNISON 2.48.4 started propagating changes at 10:00:14.89 on 25 Oct 2017
   Sync Log:  [BGN] Updating file __pycache__/user.cpython-36.pyc from /host_sync to /app_sync
   Sync Log:  [END] Updating file __pycache__/user.cpython-36.pyc
   Sync Log:  UNISON 2.48.4 finished propagating changes at 10:00:14.89 on 25 Oct 2017
   Sync Log:  Synchronization complete at 10:00:14  (1 item transferred, 0 skipped, 0 failed)
   Sync Log:  UNISON 2.48.4 started propagating changes at 10:00:19.51 on 25 Oct 2017
   Sync Log:  [BGN] Updating file __pycache__/user.cpython-36.pyc from /host_sync to /app_sync
   Sync Log:  [END] Updating file __pycache__/user.cpython-36.pyc
   Sync Log:  [BGN] Updating file user.py from /host_sync to /app_sync
   Sync Log:  [END] Updating file user.py
   Sync Log:  UNISON 2.48.4 finished propagating changes at 10:00:19.51 on 25 Oct 2017
   Sync Log:  Synchronization complete at 10:00:19  (2 items transferred, 0 skipped, 0 failed)
   Sync Log:  UNISON 2.48.4 started propagating changes at 10:00:21.54 on 25 Oct 2017
   Sync Log:  [BGN] Updating file user.py from /host_sync to /app_sync
   Sync Log:  [END] Updating file user.py
   Sync Log:  UNISON 2.48.4 finished propagating changes at 10:00:21.54 on 25 Oct 2017
   Sync Log:  Synchronization complete at 10:00:21  (1 item transferred, 0 skipped, 0 failed)
   Sync Log:  UNISON 2.48.4 started propagating changes at 10:00:23.56 on 25 Oct 2017
   Sync Log:  [BGN] Updating file __pycache__/user.cpython-36.pyc from /host_sync to /app_sync
   Sync Log:  [END] Updating file __pycache__/user.cpython-36.pyc
   Sync Log:  UNISON 2.48.4 finished propagating changes at 10:00:23.56 on 25 Oct 2017
   Sync Log:  Synchronization complete at 10:00:23  (1 item transferred, 0 skipped, 0 failed)
   Sync Log:  UNISON 2.48.4 started propagating changes at 10:38:56.90 on 25 Oct 2017
   Sync Log:  [BGN] Updating file user.py from /host_sync to /app_sync
   Sync Log:  [END] Updating file user.py
   Sync Log:  UNISON 2.48.4 finished propagating changes at 10:38:56.91 on 25 Oct 2017
   Sync Log:  Synchronization complete at 10:38:56  (1 item transferred, 0 skipped, 0 failed)
   Sync Log:  UNISON 2.48.4 started propagating changes at 10:38:57.91 on 25 Oct 2017
   Sync Log:  [BGN] Updating file __pycache__/user.cpython-36.pyc from /host_sync to /app_sync
   Sync Log:  [END] Updating file __pycache__/user.cpython-36.pyc
   Sync Log:  UNISON 2.48.4 finished propagating changes at 10:38:57.92 on 25 Oct 2017
   Sync Log:  Synchronization complete at 10:38:57  (1 item transferred, 0 skipped, 0 failed)
   Sync Log:  UNISON 2.48.4 started propagating changes at 10:39:38.63 on 25 Oct 2017
   Sync Log:  [BGN] Updating file __pycache__/user.cpython-36.pyc from /host_sync to /app_sync
   Sync Log:  [END] Updating file __pycache__/user.cpython-36.pyc
   Sync Log:  [BGN] Updating file user.py from /host_sync to /app_sync
   Sync Log:  [END] Updating file user.py
   Sync Log:  UNISON 2.48.4 finished propagating changes at 10:39:38.64 on 25 Oct 2017
   Sync Log:  Synchronization complete at 10:39:38  (2 items transferred, 0 skipped, 0 failed)
   Sync Log:  UNISON 2.48.4 started propagating changes at 10:40:19.72 on 25 Oct 2017
   Sync Log:  [BGN] Updating file __pycache__/user.cpython-36.pyc from /host_sync to /app_sync
   Sync Log:  [END] Updating file __pycache__/user.cpython-36.pyc
   Sync Log:  [BGN] Updating file user.py from /host_sync to /app_sync
   Sync Log:  [END] Updating file user.py
   Sync Log:  UNISON 2.48.4 finished propagating changes at 10:40:19.73 on 25 Oct 2017
   Sync Log:  Synchronization complete at 10:40:19  (2 items transferred, 0 skipped, 0 failed)
   Sync Log:  UNISON 2.48.4 started propagating changes at 10:40:22.24 on 25 Oct 2017
   Sync Log:  [BGN] Updating file user.py from /host_sync to /app_sync
   Sync Log:  [END] Updating file user.py
   Sync Log:  UNISON 2.48.4 finished propagating changes at 10:40:22.24 on 25 Oct 2017
   Sync Log:  Synchronization complete at 10:40:22  (1 item transferred, 0 skipped, 0 failed)
   Sync Log:  UNISON 2.48.4 started propagating changes at 10:40:23.25 on 25 Oct 2017
   Sync Log:  [BGN] Updating file __pycache__/user.cpython-36.pyc from /host_sync to /app_sync
   Sync Log:  [END] Updating file __pycache__/user.cpython-36.pyc
   Sync Log:  UNISON 2.48.4 finished propagating changes at 10:40:23.25 on 25 Oct 2017
   Sync Log:  Synchronization complete at 10:40:23  (1 item transferred, 0 skipped, 0 failed)
   Sync Log:  UNISON 2.48.4 started propagating changes at 10:40:26.29 on 25 Oct 2017
   Sync Log:  [BGN] Updating file __pycache__/user.cpython-36.pyc from /host_sync to /app_sync
   Sync Log:  [END] Updating file __pycache__/user.cpython-36.pyc
   Sync Log:  UNISON 2.48.4 finished propagating changes at 10:40:26.29 on 25 Oct 2017
   Sync Log:  Synchronization complete at 10:40:26  (1 item transferred, 0 skipped, 0 failed)
   Sync Log:  UNISON 2.48.4 started propagating changes at 10:40:27.31 on 25 Oct 2017
   Sync Log:  [BGN] Updating file user.py from /host_sync to /app_sync
   Sync Log:  [END] Updating file user.py
   Sync Log:  UNISON 2.48.4 finished propagating changes at 10:40:27.31 on 25 Oct 2017
   Sync Log:  Synchronization complete at 10:40:27  (1 item transferred, 0 skipped, 0 failed)
   Sync Log:  UNISON 2.48.4 started propagating changes at 10:40:28.32 on 25 Oct 2017
   Sync Log:  [BGN] Updating file __pycache__/user.cpython-36.pyc from /host_sync to /app_sync
   Sync Log:  [END] Updating file __pycache__/user.cpython-36.pyc
   Sync Log:  UNISON 2.48.4 finished propagating changes at 10:40:28.32 on 25 Oct 2017
   Sync Log:  Synchronization complete at 10:40:28  (1 item transferred, 0 skipped, 0 failed)
   Sync Log:  UNISON 2.48.4 started propagating changes at 10:40:35.57 on 25 Oct 2017
   Sync Log:  [BGN] Updating file user.py from /host_sync to /app_sync
   Sync Log:  [END] Updating file user.py
   Sync Log:  UNISON 2.48.4 finished propagating changes at 10:40:35.58 on 25 Oct 2017
   Sync Log:  Synchronization complete at 10:40:35  (1 item transferred, 0 skipped, 0 failed)
   Sync Log:  UNISON 2.48.4 started propagating changes at 10:41:17.00 on 25 Oct 2017
   Sync Log:  [BGN] Updating file user.py from /host_sync to /app_sync
   Sync Log:  [END] Updating file user.py
   Sync Log:  UNISON 2.48.4 finished propagating changes at 10:41:17.00 on 25 Oct 2017
   Sync Log:  Synchronization complete at 10:41:17  (1 item transferred, 0 skipped, 0 failed)
   Sync Log:  UNISON 2.48.4 started propagating changes at 10:41:24.69 on 25 Oct 2017
   Sync Log:  [BGN] Updating file user.py from /host_sync to /app_sync
   Sync Log:  [END] Updating file user.py
   Sync Log:  UNISON 2.48.4 finished propagating changes at 10:41:24.69 on 25 Oct 2017
   Sync Log:  Synchronization complete at 10:41:24  (1 item transferred, 0 skipped, 0 failed)
   Sync Log:  UNISON 2.48.4 started propagating changes at 10:41:43.66 on 25 Oct 2017
   Sync Log:  [BGN] Updating file user.py from /host_sync to /app_sync
   Sync Log:  [END] Updating file user.py
   Sync Log:  UNISON 2.48.4 finished propagating changes at 10:41:43.66 on 25 Oct 2017
   Sync Log:  Synchronization complete at 10:41:43  (1 item transferred, 0 skipped, 0 failed)
   Sync Log:  UNISON 2.48.4 started propagating changes at 10:41:47.60 on 25 Oct 2017
   Sync Log:  [BGN] Updating file __pycache__/user.cpython-36.pyc from /host_sync to /app_sync
   Sync Log:  [END] Updating file __pycache__/user.cpython-36.pyc
   Sync Log:  UNISON 2.48.4 finished propagating changes at 10:41:47.60 on 25 Oct 2017
   Sync Log:  Synchronization complete at 10:41:47  (1 item transferred, 0 skipped, 0 failed)
   Sync Log:  UNISON 2.48.4 started propagating changes at 10:42:07.20 on 25 Oct 2017
   Sync Log:  [BGN] Updating file user.py from /host_sync to /app_sync
   Sync Log:  [END] Updating file user.py
   Sync Log:  UNISON 2.48.4 finished propagating changes at 10:42:07.21 on 25 Oct 2017
   Sync Log:  Synchronization complete at 10:42:07  (1 item transferred, 0 skipped, 0 failed)
   Sync Log:  UNISON 2.48.4 started propagating changes at 10:42:09.22 on 25 Oct 2017
   Sync Log:  [BGN] Updating file __pycache__/user.cpython-36.pyc from /host_sync to /app_sync
   Sync Log:  [END] Updating file __pycache__/user.cpython-36.pyc
   Sync Log:  UNISON 2.48.4 finished propagating changes at 10:42:09.23 on 25 Oct 2017
   Sync Log:  Synchronization complete at 10:42:09  (1 item transferred, 0 skipped, 0 failed)
   Sync Log:  UNISON 2.48.4 started propagating changes at 10:43:42.86 on 25 Oct 2017
   Sync Log:  [BGN] Updating file app.py from /host_sync to /app_sync
   Sync Log:  [END] Updating file app.py
   Sync Log:  UNISON 2.48.4 finished propagating changes at 10:43:42.86 on 25 Oct 2017
   Sync Log:  Synchronization complete at 10:43:42  (1 item transferred, 0 skipped, 0 failed)
   Sync Log:  UNISON 2.48.4 started propagating changes at 10:43:47.39 on 25 Oct 2017
   Sync Log:  [BGN] Updating file app.py from /host_sync to /app_sync
   Sync Log:  [END] Updating file app.py
   Sync Log:  UNISON 2.48.4 finished propagating changes at 10:43:47.39 on 25 Oct 2017
   Sync Log:  Synchronization complete at 10:43:47  (1 item transferred, 0 skipped, 0 failed)
   Sync Log:  UNISON 2.48.4 started propagating changes at 10:43:57.20 on 25 Oct 2017
   Sync Log:  [BGN] Updating file __pycache__/user.cpython-36.pyc from /host_sync to /app_sync
   Sync Log:  [END] Updating file __pycache__/user.cpython-36.pyc
   Sync Log:  [BGN] Updating file user.py from /host_sync to /app_sync
   Sync Log:  [END] Updating file user.py
   Sync Log:  UNISON 2.48.4 finished propagating changes at 10:43:57.21 on 25 Oct 2017
   Sync Log:  Synchronization complete at 10:43:57  (2 items transferred, 0 skipped, 0 failed)
   Sync Log:  UNISON 2.48.4 started propagating changes at 10:45:27.86 on 25 Oct 2017
   Sync Log:  [BGN] Updating file __pycache__/user.cpython-36.pyc from /host_sync to /app_sync
   Sync Log:  [END] Updating file __pycache__/user.cpython-36.pyc
   Sync Log:  [BGN] Updating file user.py from /host_sync to /app_sync
   Sync Log:  [END] Updating file user.py
   Sync Log:  UNISON 2.48.4 finished propagating changes at 10:45:27.87 on 25 Oct 2017
   Sync Log:  Synchronization complete at 10:45:27  (2 items transferred, 0 skipped, 0 failed)
   Sync Log:  UNISON 2.48.4 started propagating changes at 10:45:31.90 on 25 Oct 2017
   Sync Log:  [BGN] Updating file __pycache__/user.cpython-36.pyc from /host_sync to /app_sync
   Sync Log:  [END] Updating file __pycache__/user.cpython-36.pyc
   Sync Log:  UNISON 2.48.4 finished propagating changes at 10:45:31.91 on 25 Oct 2017
   Sync Log:  Synchronization complete at 10:45:31  (1 item transferred, 0 skipped, 0 failed)
   Sync Log:  UNISON 2.48.4 started propagating changes at 10:45:37.65 on 25 Oct 2017
   Sync Log:  [BGN] Updating file user.py from /host_sync to /app_sync
   Sync Log:  [END] Updating file user.py
   Sync Log:  UNISON 2.48.4 finished propagating changes at 10:45:37.65 on 25 Oct 2017
   Sync Log:  Synchronization complete at 10:45:37  (1 item transferred, 0 skipped, 0 failed)
   Sync Log:  UNISON 2.48.4 started propagating changes at 10:45:38.66 on 25 Oct 2017
   Sync Log:  [BGN] Updating file __pycache__/user.cpython-36.pyc from /host_sync to /app_sync
   Sync Log:  [END] Updating file __pycache__/user.cpython-36.pyc
   Sync Log:  UNISON 2.48.4 finished propagating changes at 10:45:38.67 on 25 Oct 2017
   Sync Log:  Synchronization complete at 10:45:38  (1 item transferred, 0 skipped, 0 failed)
   Sync Log:  UNISON 2.48.4 started propagating changes at 10:45:46.76 on 25 Oct 2017
   Sync Log:  [BGN] Updating file user.py from /host_sync to /app_sync
   Sync Log:  [END] Updating file user.py
   Sync Log:  UNISON 2.48.4 finished propagating changes at 10:45:46.77 on 25 Oct 2017
   Sync Log:  Synchronization complete at 10:45:46  (1 item transferred, 0 skipped, 0 failed)
   Sync Log:  UNISON 2.48.4 started propagating changes at 10:45:48.79 on 25 Oct 2017
   Sync Log:  [BGN] Updating file __pycache__/user.cpython-36.pyc from /host_sync to /app_sync
   Sync Log:  [END] Updating file __pycache__/user.cpython-36.pyc
   Sync Log:  UNISON 2.48.4 finished propagating changes at 10:45:48.79 on 25 Oct 2017
   Sync Log:  Synchronization complete at 10:45:48  (1 item transferred, 0 skipped, 0 failed)
   Sync Log:  UNISON 2.48.4 started propagating changes at 10:46:17.09 on 25 Oct 2017
   Sync Log:  [BGN] Updating file __pycache__/user.cpython-36.pyc from /host_sync to /app_sync
   Sync Log:  [END] Updating file __pycache__/user.cpython-36.pyc
   Sync Log:  [BGN] Updating file user.py from /host_sync to /app_sync
   Sync Log:  [END] Updating file user.py
   Sync Log:  UNISON 2.48.4 finished propagating changes at 10:46:17.09 on 25 Oct 2017
   Sync Log:  Synchronization complete at 10:46:17  (2 items transferred, 0 skipped, 0 failed)
   Sync Log:  UNISON 2.48.4 started propagating changes at 10:46:19.11 on 25 Oct 2017
   Sync Log:  [BGN] Updating file user.py from /host_sync to /app_sync
   Sync Log:  [END] Updating file user.py
   Sync Log:  UNISON 2.48.4 finished propagating changes at 10:46:19.12 on 25 Oct 2017
   Sync Log:  Synchronization complete at 10:46:19  (1 item transferred, 0 skipped, 0 failed)
   Sync Log:  UNISON 2.48.4 started propagating changes at 10:46:21.14 on 25 Oct 2017
   Sync Log:  [BGN] Updating file __pycache__/user.cpython-36.pyc from /host_sync to /app_sync
   Sync Log:  [END] Updating file __pycache__/user.cpython-36.pyc
   Sync Log:  UNISON 2.48.4 finished propagating changes at 10:46:21.14 on 25 Oct 2017
   Sync Log:  Synchronization complete at 10:46:21  (1 item transferred, 0 skipped, 0 failed)
   Sync Log:  UNISON 2.48.4 started propagating changes at 10:46:22.16 on 25 Oct 2017
   Sync Log:  [BGN] Updating file __pycache__/user.cpython-36.pyc from /host_sync to /app_sync
   Sync Log:  [END] Updating file __pycache__/user.cpython-36.pyc
   Sync Log:  UNISON 2.48.4 finished propagating changes at 10:46:22.17 on 25 Oct 2017
   Sync Log:  Synchronization complete at 10:46:22  (1 item transferred, 0 skipped, 0 failed)
   Sync Log:  UNISON 2.48.4 started propagating changes at 10:46:57.87 on 25 Oct 2017
   Sync Log:  [BGN] Updating file user.py from /host_sync to /app_sync
   Sync Log:  [END] Updating file user.py
   Sync Log:  UNISON 2.48.4 finished propagating changes at 10:46:57.87 on 25 Oct 2017
   Sync Log:  Synchronization complete at 10:46:57  (1 item transferred, 0 skipped, 0 failed)
   Sync Log:  UNISON 2.48.4 started propagating changes at 10:46:59.89 on 25 Oct 2017
   Sync Log:  [BGN] Updating file __pycache__/user.cpython-36.pyc from /host_sync to /app_sync
   Sync Log:  [END] Updating file __pycache__/user.cpython-36.pyc
   Sync Log:  UNISON 2.48.4 finished propagating changes at 10:46:59.89 on 25 Oct 2017
   Sync Log:  Synchronization complete at 10:46:59  (1 item transferred, 0 skipped, 0 failed)
   Sync Log:  UNISON 2.48.4 started propagating changes at 10:47:09.34 on 25 Oct 2017
   Sync Log:  [BGN] Updating file user.py from /host_sync to /app_sync
   Sync Log:  [END] Updating file user.py
   Sync Log:  UNISON 2.48.4 finished propagating changes at 10:47:09.35 on 25 Oct 2017
   Sync Log:  Synchronization complete at 10:47:09  (1 item transferred, 0 skipped, 0 failed)
   Sync Log:  UNISON 2.48.4 started propagating changes at 10:47:21.22 on 25 Oct 2017
   Sync Log:  [BGN] Updating file user.py from /host_sync to /app_sync
   Sync Log:  [END] Updating file user.py
   Sync Log:  UNISON 2.48.4 finished propagating changes at 10:47:21.23 on 25 Oct 2017
   Sync Log:  Synchronization complete at 10:47:21  (1 item transferred, 0 skipped, 0 failed)
   Sync Log:  UNISON 2.48.4 started propagating changes at 10:47:26.96 on 25 Oct 2017
   Sync Log:  [BGN] Updating file __pycache__/user.cpython-36.pyc from /host_sync to /app_sync
   Sync Log:  [END] Updating file __pycache__/user.cpython-36.pyc
   Sync Log:  UNISON 2.48.4 finished propagating changes at 10:47:26.97 on 25 Oct 2017
   Sync Log:  Synchronization complete at 10:47:26  (1 item transferred, 0 skipped, 0 failed)
   Sync Log:  UNISON 2.48.4 started propagating changes at 10:47:57.07 on 25 Oct 2017
   Sync Log:  [BGN] Updating file __pycache__/user.cpython-36.pyc from /host_sync to /app_sync
   Sync Log:  [END] Updating file __pycache__/user.cpython-36.pyc
   Sync Log:  UNISON 2.48.4 finished propagating changes at 10:47:57.08 on 25 Oct 2017
   Sync Log:  Synchronization complete at 10:47:57  (1 item transferred, 0 skipped, 0 failed)
   Sync Log:  UNISON 2.48.4 started propagating changes at 10:48:14.34 on 25 Oct 2017
   Sync Log:  [BGN] Updating file user.py from /host_sync to /app_sync
   Sync Log:  [END] Updating file user.py
   Sync Log:  UNISON 2.48.4 finished propagating changes at 10:48:14.35 on 25 Oct 2017
   Sync Log:  Synchronization complete at 10:48:14  (1 item transferred, 0 skipped, 0 failed)
   Sync Log:  UNISON 2.48.4 started propagating changes at 10:48:16.37 on 25 Oct 2017
   Sync Log:  [BGN] Updating file __pycache__/user.cpython-36.pyc from /host_sync to /app_sync
   Sync Log:  [END] Updating file __pycache__/user.cpython-36.pyc
   Sync Log:  UNISON 2.48.4 finished propagating changes at 10:48:16.37 on 25 Oct 2017
   Sync Log:  Synchronization complete at 10:48:16  (1 item transferred, 0 skipped, 0 failed)
   Sync Log:  UNISON 2.48.4 started propagating changes at 10:48:42.82 on 25 Oct 2017
   Sync Log:  [BGN] Updating file LeVinEmployee.db from /host_sync to /app_sync
   Sync Log:  [END] Updating file LeVinEmployee.db
   Sync Log:  UNISON 2.48.4 finished propagating changes at 10:48:42.82 on 25 Oct 2017
   Sync Log:  Synchronization complete at 10:48:42  (1 item transferred, 0 skipped, 0 failed)
   Sync Log:  UNISON 2.48.4 started propagating changes at 10:49:54.93 on 25 Oct 2017
   Sync Log:  [BGN] Updating file LeVinEmployee.db-journal from /host_sync to /app_sync
   Sync Log:  [END] Updating file LeVinEmployee.db-journal
   Sync Log:  UNISON 2.48.4 finished propagating changes at 10:49:54.93 on 25 Oct 2017
   Sync Log:  Synchronization complete at 10:49:54  (1 item transferred, 0 skipped, 0 failed)
   Sync Log:  UNISON 2.48.4 started propagating changes at 10:50:06.80 on 25 Oct 2017
   Sync Log:  [BGN] Updating file __pycache__/user.cpython-36.pyc from /host_sync to /app_sync
   Sync Log:  [END] Updating file __pycache__/user.cpython-36.pyc
   Sync Log:  UNISON 2.48.4 finished propagating changes at 10:50:06.80 on 25 Oct 2017
   Sync Log:  Synchronization complete at 10:50:06  (1 item transferred, 0 skipped, 0 failed)
   Sync Log:  UNISON 2.48.4 started propagating changes at 10:50:14.48 on 25 Oct 2017
   Sync Log:  [BGN] Updating file __pycache__/user.cpython-36.pyc from /host_sync to /app_sync
   Sync Log:  [END] Updating file __pycache__/user.cpython-36.pyc
   Sync Log:  [BGN] Updating file user.py from /host_sync to /app_sync
   Sync Log:  [END] Updating file user.py
   Sync Log:  UNISON 2.48.4 finished propagating changes at 10:50:14.49 on 25 Oct 2017
   Sync Log:  Synchronization complete at 10:50:14  (2 items transferred, 0 skipped, 0 failed)
   Sync Log:  UNISON 2.48.4 started propagating changes at 10:50:30.58 on 25 Oct 2017
   Sync Log:  [BGN] Updating file user.py from /host_sync to /app_sync
   Sync Log:  [END] Updating file user.py
   Sync Log:  UNISON 2.48.4 finished propagating changes at 10:50:30.59 on 25 Oct 2017
   Sync Log:  Synchronization complete at 10:50:30  (1 item transferred, 0 skipped, 0 failed)
   Sync Log:  UNISON 2.48.4 started propagating changes at 10:50:31.60 on 25 Oct 2017
   Sync Log:  [BGN] Updating file __pycache__/user.cpython-36.pyc from /host_sync to /app_sync
   Sync Log:  [END] Updating file __pycache__/user.cpython-36.pyc
   Sync Log:  UNISON 2.48.4 finished propagating changes at 10:50:31.60 on 25 Oct 2017
   Sync Log:  Synchronization complete at 10:50:31  (1 item transferred, 0 skipped, 0 failed)
   Sync Log:  UNISON 2.48.4 started propagating changes at 10:50:37.26 on 25 Oct 2017
   Sync Log:  [BGN] Updating file app.py from /host_sync to /app_sync
   Sync Log:  [END] Updating file app.py
   Sync Log:  UNISON 2.48.4 finished propagating changes at 10:50:37.27 on 25 Oct 2017
   Sync Log:  Synchronization complete at 10:50:37  (1 item transferred, 0 skipped, 0 failed)
   Sync Log:  UNISON 2.48.4 started propagating changes at 10:50:40.79 on 25 Oct 2017
   Sync Log:  [BGN] Updating file app.py from /host_sync to /app_sync
   Sync Log:  [END] Updating file app.py
   Sync Log:  UNISON 2.48.4 finished propagating changes at 10:50:40.79 on 25 Oct 2017
   Sync Log:  Synchronization complete at 10:50:40  (1 item transferred, 0 skipped, 0 failed)
   Sync Log:  UNISON 2.48.4 started propagating changes at 10:50:58.76 on 25 Oct 2017
   Sync Log:  [BGN] Updating file user.py from /host_sync to /app_sync
   Sync Log:  [END] Updating file user.py
   Sync Log:  UNISON 2.48.4 finished propagating changes at 10:50:58.76 on 25 Oct 2017
   Sync Log:  Synchronization complete at 10:50:58  (1 item transferred, 0 skipped, 0 failed)
   Sync Log:  UNISON 2.48.4 started propagating changes at 10:50:59.78 on 25 Oct 2017
   Sync Log:  [BGN] Updating file __pycache__/user.cpython-36.pyc from /host_sync to /app_sync
   Sync Log:  [END] Updating file __pycache__/user.cpython-36.pyc
   Sync Log:  UNISON 2.48.4 finished propagating changes at 10:50:59.78 on 25 Oct 2017
   Sync Log:  Synchronization complete at 10:50:59  (1 item transferred, 0 skipped, 0 failed)
   Sync Log:  UNISON 2.48.4 started propagating changes at 10:51:19.90 on 25 Oct 2017
   Sync Log:  [BGN] Updating file __pycache__/user.cpython-36.pyc from /host_sync to /app_sync
   Sync Log:  [END] Updating file __pycache__/user.cpython-36.pyc
   Sync Log:  UNISON 2.48.4 finished propagating changes at 10:51:19.90 on 25 Oct 2017
   Sync Log:  Synchronization complete at 10:51:19  (1 item transferred, 0 skipped, 0 failed)
   Sync Log:  UNISON 2.48.4 started propagating changes at 10:51:45.68 on 25 Oct 2017
   Sync Log:  [BGN] Updating file user.py from /host_sync to /app_sync
   Sync Log:  [END] Updating file user.py
   Sync Log:  UNISON 2.48.4 finished propagating changes at 10:51:45.69 on 25 Oct 2017
   Sync Log:  Synchronization complete at 10:51:45  (1 item transferred, 0 skipped, 0 failed)
   Sync Log:  UNISON 2.48.4 started propagating changes at 10:51:46.70 on 25 Oct 2017
   Sync Log:  [BGN] Updating file __pycache__/user.cpython-36.pyc from /host_sync to /app_sync
   Sync Log:  [END] Updating file __pycache__/user.cpython-36.pyc
   Sync Log:  UNISON 2.48.4 finished propagating changes at 10:51:46.70 on 25 Oct 2017
   Sync Log:  Synchronization complete at 10:51:46  (1 item transferred, 0 skipped, 0 failed)
   Sync Log:  UNISON 2.48.4 started propagating changes at 10:51:49.74 on 25 Oct 2017
   Sync Log:  [BGN] Updating file __pycache__/user.cpython-36.pyc from /host_sync to /app_sync
   Sync Log:  [END] Updating file __pycache__/user.cpython-36.pyc
   Sync Log:  UNISON 2.48.4 finished propagating changes at 10:51:49.74 on 25 Oct 2017
   Sync Log:  Synchronization complete at 10:51:49  (1 item transferred, 0 skipped, 0 failed)
   Sync Log:  UNISON 2.48.4 started propagating changes at 10:51:54.99 on 25 Oct 2017
   Sync Log:  [BGN] Updating file __pycache__/user.cpython-36.pyc from /host_sync to /app_sync
   Sync Log:  [END] Updating file __pycache__/user.cpython-36.pyc
   Sync Log:  UNISON 2.48.4 finished propagating changes at 10:51:54.99 on 25 Oct 2017
   Sync Log:  Synchronization complete at 10:51:54  (1 item transferred, 0 skipped, 0 failed)
   Sync Log:  UNISON 2.48.4 started propagating changes at 10:52:15.86 on 25 Oct 2017
   Sync Log:  [BGN] Updating file user.py from /host_sync to /app_sync
   Sync Log:  [END] Updating file user.py
   Sync Log:  UNISON 2.48.4 finished propagating changes at 10:52:15.86 on 25 Oct 2017
   Sync Log:  Synchronization complete at 10:52:15  (1 item transferred, 0 skipped, 0 failed)
   Sync Log:  UNISON 2.48.4 started propagating changes at 10:52:16.87 on 25 Oct 2017
   Sync Log:  [BGN] Updating file __pycache__/user.cpython-36.pyc from /host_sync to /app_sync
   Sync Log:  [END] Updating file __pycache__/user.cpython-36.pyc
   Sync Log:  UNISON 2.48.4 finished propagating changes at 10:52:16.88 on 25 Oct 2017
   Sync Log:  Synchronization complete at 10:52:16  (1 item transferred, 0 skipped, 0 failed)
   Sync Log:  UNISON 2.48.4 started propagating changes at 10:52:18.89 on 25 Oct 2017
   Sync Log:  [BGN] Updating file user.py from /host_sync to /app_sync
   Sync Log:  [END] Updating file user.py
   Sync Log:  UNISON 2.48.4 finished propagating changes at 10:52:18.90 on 25 Oct 2017
   Sync Log:  Synchronization complete at 10:52:18  (1 item transferred, 0 skipped, 0 failed)
   Sync Log:  UNISON 2.48.4 started propagating changes at 10:52:19.91 on 25 Oct 2017
   Sync Log:  [BGN] Updating file __pycache__/user.cpython-36.pyc from /host_sync to /app_sync
   Sync Log:  [END] Updating file __pycache__/user.cpython-36.pyc
   Sync Log:  UNISON 2.48.4 finished propagating changes at 10:52:19.91 on 25 Oct 2017
   Sync Log:  Synchronization complete at 10:52:19  (1 item transferred, 0 skipped, 0 failed)
   Sync Log:  UNISON 2.48.4 started propagating changes at 10:52:45.62 on 25 Oct 2017
   Sync Log:  [BGN] Updating file __pycache__/user.cpython-36.pyc from /host_sync to /app_sync
   Sync Log:  [END] Updating file __pycache__/user.cpython-36.pyc
   Sync Log:  UNISON 2.48.4 finished propagating changes at 10:52:45.62 on 25 Oct 2017
   Sync Log:  Synchronization complete at 10:52:45  (1 item transferred, 0 skipped, 0 failed)
   Sync Log:  UNISON 2.48.4 started propagating changes at 10:53:35.64 on 25 Oct 2017
   Sync Log:  [BGN] Updating file app.py from /host_sync to /app_sync
   Sync Log:  [END] Updating file app.py
   Sync Log:  UNISON 2.48.4 finished propagating changes at 10:53:35.64 on 25 Oct 2017
   Sync Log:  Synchronization complete at 10:53:35  (1 item transferred, 0 skipped, 0 failed)
   Sync Log:  UNISON 2.48.4 started propagating changes at 10:53:40.39 on 25 Oct 2017
   Sync Log:  [BGN] Updating file app.py from /host_sync to /app_sync
   Sync Log:  [END] Updating file app.py
   Sync Log:  UNISON 2.48.4 finished propagating changes at 10:53:40.39 on 25 Oct 2017
   Sync Log:  Synchronization complete at 10:53:40  (1 item transferred, 0 skipped, 0 failed)
   Sync Log:  UNISON 2.48.4 started propagating changes at 10:54:02.25 on 25 Oct 2017
   Sync Log:  [BGN] Updating file user.py from /host_sync to /app_sync
   Sync Log:  [END] Updating file user.py
   Sync Log:  UNISON 2.48.4 finished propagating changes at 10:54:02.25 on 25 Oct 2017
   Sync Log:  Synchronization complete at 10:54:02  (1 item transferred, 0 skipped, 0 failed)
   Sync Log:  UNISON 2.48.4 started propagating changes at 10:54:03.27 on 25 Oct 2017
   Sync Log:  [BGN] Updating file __pycache__/user.cpython-36.pyc from /host_sync to /app_sync
   Sync Log:  [END] Updating file __pycache__/user.cpython-36.pyc
   Sync Log:  UNISON 2.48.4 finished propagating changes at 10:54:03.27 on 25 Oct 2017
   Sync Log:  Synchronization complete at 10:54:03  (1 item transferred, 0 skipped, 0 failed)
   Sync Log:  UNISON 2.48.4 started propagating changes at 10:54:56.74 on 25 Oct 2017
   Sync Log:  [BGN] Updating file app.py from /host_sync to /app_sync
   Sync Log:  [END] Updating file app.py
   Sync Log:  UNISON 2.48.4 finished propagating changes at 10:54:56.74 on 25 Oct 2017
   Sync Log:  Synchronization complete at 10:54:56  (1 item transferred, 0 skipped, 0 failed)
   Sync Log:  UNISON 2.48.4 started propagating changes at 10:55:23.43 on 25 Oct 2017
   Sync Log:  [BGN] Updating file templates/dashboard.html from /host_sync to /app_sync
   Sync Log:  [END] Updating file templates/dashboard.html
   Sync Log:  UNISON 2.48.4 finished propagating changes at 10:55:23.44 on 25 Oct 2017
   Sync Log:  Synchronization complete at 10:55:23  (1 item transferred, 0 skipped, 0 failed)
   Sync Log:  UNISON 2.48.4 started propagating changes at 10:55:27.80 on 25 Oct 2017
   Sync Log:  [BGN] Updating file templates/dashboard.html from /host_sync to /app_sync
   Sync Log:  [END] Updating file templates/dashboard.html
   Sync Log:  UNISON 2.48.4 finished propagating changes at 10:55:27.80 on 25 Oct 2017
   Sync Log:  Synchronization complete at 10:55:27  (1 item transferred, 0 skipped, 0 failed)
   Sync Log:  UNISON 2.48.4 started propagating changes at 10:55:47.90 on 25 Oct 2017
   Sync Log:  [BGN] Updating file __pycache__/user.cpython-36.pyc from /host_sync to /app_sync
   Sync Log:  [END] Updating file __pycache__/user.cpython-36.pyc
   Sync Log:  UNISON 2.48.4 finished propagating changes at 10:55:47.91 on 25 Oct 2017
   Sync Log:  Synchronization complete at 10:55:47  (1 item transferred, 0 skipped, 0 failed)
   Sync Log:  UNISON 2.48.4 started propagating changes at 10:55:57.55 on 25 Oct 2017
   Sync Log:  [BGN] Updating file __pycache__/user.cpython-36.pyc from /host_sync to /app_sync
   Sync Log:  [END] Updating file __pycache__/user.cpython-36.pyc
   Sync Log:  UNISON 2.48.4 finished propagating changes at 10:55:57.55 on 25 Oct 2017
   Sync Log:  Synchronization complete at 10:55:57  (1 item transferred, 0 skipped, 0 failed)
   Sync Log:  UNISON 2.48.4 started propagating changes at 10:56:05.24 on 25 Oct 2017
   Sync Log:  [BGN] Updating file __pycache__/user.cpython-36.pyc from /host_sync to /app_sync
   Sync Log:  [END] Updating file __pycache__/user.cpython-36.pyc
   Sync Log:  UNISON 2.48.4 finished propagating changes at 10:56:05.24 on 25 Oct 2017
   Sync Log:  Synchronization complete at 10:56:05  (1 item transferred, 0 skipped, 0 failed)
   Sync Log:  UNISON 2.48.4 started propagating changes at 11:43:38.94 on 25 Oct 2017
   Sync Log:  [BGN] Updating file __pycache__/user.cpython-36.pyc from /host_sync to /app_sync
   Sync Log:  [END] Updating file __pycache__/user.cpython-36.pyc
   Sync Log:  UNISON 2.48.4 finished propagating changes at 11:43:38.95 on 25 Oct 2017
   Sync Log:  Synchronization complete at 11:43:38  (1 item transferred, 0 skipped, 0 failed)
   Sync Log:  UNISON 2.48.4 started propagating changes at 11:44:18.89 on 25 Oct 2017
   Sync Log:  [BGN] Updating file app.py from /host_sync to /app_sync
   Sync Log:  [END] Updating file app.py
   Sync Log:  UNISON 2.48.4 finished propagating changes at 11:44:18.89 on 25 Oct 2017
   Sync Log:  Synchronization complete at 11:44:18  (1 item transferred, 0 skipped, 0 failed)
   Sync Log:  UNISON 2.48.4 started propagating changes at 11:45:53.47 on 25 Oct 2017
   Sync Log:  [BGN] Updating file LeVinEmployee.db from /host_sync to /app_sync
   Sync Log:  [END] Updating file LeVinEmployee.db
   Sync Log:  UNISON 2.48.4 finished propagating changes at 11:45:53.48 on 25 Oct 2017
   Sync Log:  Synchronization complete at 11:45:53  (1 item transferred, 0 skipped, 0 failed)
   Sync Log:  UNISON 2.48.4 started propagating changes at 11:46:35.24 on 25 Oct 2017
   Sync Log:  [BGN] Updating file LeVinEmployee.db-journal from /host_sync to /app_sync
   Sync Log:  [END] Updating file LeVinEmployee.db-journal
   Sync Log:  UNISON 2.48.4 finished propagating changes at 11:46:35.25 on 25 Oct 2017
   Sync Log:  Synchronization complete at 11:46:35  (1 item transferred, 0 skipped, 0 failed)
   Sync Log:  UNISON 2.48.4 started propagating changes at 11:46:47.82 on 25 Oct 2017
   Sync Log:  [BGN] Updating file LeVinEmployee.db-journal from /host_sync to /app_sync
   Sync Log:  [END] Updating file LeVinEmployee.db-journal
   Sync Log:  UNISON 2.48.4 finished propagating changes at 11:46:47.83 on 25 Oct 2017
   Sync Log:  Synchronization complete at 11:46:47  (1 item transferred, 0 skipped, 0 failed)
   Sync Log:  UNISON 2.48.4 started propagating changes at 12:00:41.07 on 25 Oct 2017
   Sync Log:  [BGN] Updating file __pycache__/user.cpython-36.pyc from /host_sync to /app_sync
   Sync Log:  [END] Updating file __pycache__/user.cpython-36.pyc
   Sync Log:  UNISON 2.48.4 finished propagating changes at 12:00:41.07 on 25 Oct 2017
   Sync Log:  Synchronization complete at 12:00:41  (1 item transferred, 0 skipped, 0 failed)
   Sync Log:  UNISON 2.48.4 started propagating changes at 12:00:47.32 on 25 Oct 2017
   Sync Log:  [BGN] Updating file user.py from /host_sync to /app_sync
   Sync Log:  [END] Updating file user.py
   Sync Log:  UNISON 2.48.4 finished propagating changes at 12:00:47.32 on 25 Oct 2017
   Sync Log:  Synchronization complete at 12:00:47  (1 item transferred, 0 skipped, 0 failed)
   Sync Log:  UNISON 2.48.4 started propagating changes at 12:00:49.33 on 25 Oct 2017
   Sync Log:  [BGN] Updating file __pycache__/user.cpython-36.pyc from /host_sync to /app_sync
   Sync Log:  [END] Updating file __pycache__/user.cpython-36.pyc
   Sync Log:  UNISON 2.48.4 finished propagating changes at 12:00:49.34 on 25 Oct 2017
   Sync Log:  Synchronization complete at 12:00:49  (1 item transferred, 0 skipped, 0 failed)
   Sync Log:  UNISON 2.48.4 started propagating changes at 12:01:01.58 on 25 Oct 2017
   Sync Log:  [BGN] Updating file user.py from /host_sync to /app_sync
   Sync Log:  [END] Updating file user.py
   Sync Log:  UNISON 2.48.4 finished propagating changes at 12:01:01.58 on 25 Oct 2017
   Sync Log:  Synchronization complete at 12:01:01  (1 item transferred, 0 skipped, 0 failed)
   Sync Log:  UNISON 2.48.4 started propagating changes at 12:01:02.60 on 25 Oct 2017
   Sync Log:  [BGN] Updating file __pycache__/user.cpython-36.pyc from /host_sync to /app_sync
   Sync Log:  [END] Updating file __pycache__/user.cpython-36.pyc
   Sync Log:  UNISON 2.48.4 finished propagating changes at 12:01:02.60 on 25 Oct 2017
   Sync Log:  Synchronization complete at 12:01:02  (1 item transferred, 0 skipped, 0 failed)
   Sync Log:  UNISON 2.48.4 started propagating changes at 12:02:41.61 on 25 Oct 2017
   Sync Log:  [BGN] Updating file __pycache__/user.cpython-36.pyc from /host_sync to /app_sync
   Sync Log:  [END] Updating file __pycache__/user.cpython-36.pyc
   Sync Log:  UNISON 2.48.4 finished propagating changes at 12:02:41.61 on 25 Oct 2017
   Sync Log:  Synchronization complete at 12:02:41  (1 item transferred, 0 skipped, 0 failed)
   Sync Log:  UNISON 2.48.4 started propagating changes at 12:02:56.12 on 25 Oct 2017
   Sync Log:  [BGN] Updating file user.py from /host_sync to /app_sync
   Sync Log:  [END] Updating file user.py
   Sync Log:  UNISON 2.48.4 finished propagating changes at 12:02:56.12 on 25 Oct 2017
   Sync Log:  Synchronization complete at 12:02:56  (1 item transferred, 0 skipped, 0 failed)
   Sync Log:  UNISON 2.48.4 started propagating changes at 12:02:57.13 on 25 Oct 2017
   Sync Log:  [BGN] Updating file __pycache__/user.cpython-36.pyc from /host_sync to /app_sync
   Sync Log:  [END] Updating file __pycache__/user.cpython-36.pyc
   Sync Log:  UNISON 2.48.4 finished propagating changes at 12:02:57.13 on 25 Oct 2017
   Sync Log:  Synchronization complete at 12:02:57  (1 item transferred, 0 skipped, 0 failed)
   Sync Log:  UNISON 2.48.4 started propagating changes at 12:03:13.23 on 25 Oct 2017
   Sync Log:  [BGN] Updating file user.py from /host_sync to /app_sync
   Sync Log:  [END] Updating file user.py
   Sync Log:  UNISON 2.48.4 finished propagating changes at 12:03:13.23 on 25 Oct 2017
   Sync Log:  Synchronization complete at 12:03:13  (1 item transferred, 0 skipped, 0 failed)
   Sync Log:  UNISON 2.48.4 started propagating changes at 12:03:15.25 on 25 Oct 2017
   Sync Log:  [BGN] Updating file __pycache__/user.cpython-36.pyc from /host_sync to /app_sync
   Sync Log:  [END] Updating file __pycache__/user.cpython-36.pyc
   Sync Log:  UNISON 2.48.4 finished propagating changes at 12:03:15.26 on 25 Oct 2017
   Sync Log:  Synchronization complete at 12:03:15  (1 item transferred, 0 skipped, 0 failed)
   Sync Log:  UNISON 2.48.4 started propagating changes at 12:03:18.39 on 25 Oct 2017
   Sync Log:  [BGN] Updating file user.py from /host_sync to /app_sync
   Sync Log:  [END] Updating file user.py
   Sync Log:  UNISON 2.48.4 finished propagating changes at 12:03:18.39 on 25 Oct 2017
   Sync Log:  Synchronization complete at 12:03:18  (1 item transferred, 0 skipped, 0 failed)
   Sync Log:  UNISON 2.48.4 started propagating changes at 12:03:20.41 on 25 Oct 2017
   Sync Log:  [BGN] Updating file __pycache__/user.cpython-36.pyc from /host_sync to /app_sync
   Sync Log:  [END] Updating file __pycache__/user.cpython-36.pyc
   Sync Log:  UNISON 2.48.4 finished propagating changes at 12:03:20.41 on 25 Oct 2017
   Sync Log:  Synchronization complete at 12:03:20  (1 item transferred, 0 skipped, 0 failed)
   Sync Log:  UNISON 2.48.4 started propagating changes at 12:03:25.20 on 25 Oct 2017
   Sync Log:  [BGN] Updating file user.py from /host_sync to /app_sync
   Sync Log:  [END] Updating file user.py
   Sync Log:  UNISON 2.48.4 finished propagating changes at 12:03:25.20 on 25 Oct 2017
   Sync Log:  Synchronization complete at 12:03:25  (1 item transferred, 0 skipped, 0 failed)
   Sync Log:  UNISON 2.48.4 started propagating changes at 12:03:27.22 on 25 Oct 2017
   Sync Log:  [BGN] Updating file __pycache__/user.cpython-36.pyc from /host_sync to /app_sync
   Sync Log:  [END] Updating file __pycache__/user.cpython-36.pyc
   Sync Log:  UNISON 2.48.4 finished propagating changes at 12:03:27.22 on 25 Oct 2017
   Sync Log:  Synchronization complete at 12:03:27  (1 item transferred, 0 skipped, 0 failed)
   Sync Log:  UNISON 2.48.4 started propagating changes at 12:03:31.76 on 25 Oct 2017
   Sync Log:  [BGN] Updating file user.py from /host_sync to /app_sync
   Sync Log:  [END] Updating file user.py
   Sync Log:  UNISON 2.48.4 finished propagating changes at 12:03:31.77 on 25 Oct 2017
   Sync Log:  Synchronization complete at 12:03:31  (1 item transferred, 0 skipped, 0 failed)
   Sync Log:  UNISON 2.48.4 started propagating changes at 12:03:32.78 on 25 Oct 2017
   Sync Log:  [BGN] Updating file __pycache__/user.cpython-36.pyc from /host_sync to /app_sync
   Sync Log:  [END] Updating file __pycache__/user.cpython-36.pyc
   Sync Log:  UNISON 2.48.4 finished propagating changes at 12:03:32.78 on 25 Oct 2017
   Sync Log:  Synchronization complete at 12:03:32  (1 item transferred, 0 skipped, 0 failed)
   Sync Log:  UNISON 2.48.4 started propagating changes at 12:03:47.21 on 25 Oct 2017
   Sync Log:  [BGN] Updating file templates/register.html from /host_sync to /app_sync
   Sync Log:  [END] Updating file templates/register.html
   Sync Log:  UNISON 2.48.4 finished propagating changes at 12:03:47.21 on 25 Oct 2017
   Sync Log:  Synchronization complete at 12:03:47  (1 item transferred, 0 skipped, 0 failed)
   Sync Log:  UNISON 2.48.4 started propagating changes at 12:03:50.85 on 25 Oct 2017
   Sync Log:  [BGN] Updating file templates/register.html from /host_sync to /app_sync
   Sync Log:  [END] Updating file templates/register.html
   Sync Log:  UNISON 2.48.4 finished propagating changes at 12:03:50.85 on 25 Oct 2017
   Sync Log:  Synchronization complete at 12:03:50  (1 item transferred, 0 skipped, 0 failed)
   Sync Log:  UNISON 2.48.4 started propagating changes at 12:04:03.28 on 25 Oct 2017
   Sync Log:  [BGN] Updating file app.py from /host_sync to /app_sync
   Sync Log:  [END] Updating file app.py
   Sync Log:  UNISON 2.48.4 finished propagating changes at 12:04:03.28 on 25 Oct 2017
   Sync Log:  Synchronization complete at 12:04:03  (1 item transferred, 0 skipped, 0 failed)
   Sync Log:  UNISON 2.48.4 started propagating changes at 12:04:14.11 on 25 Oct 2017
   Sync Log:  [BGN] Updating file __pycache__/user.cpython-36.pyc from /host_sync to /app_sync
   Sync Log:  [END] Updating file __pycache__/user.cpython-36.pyc
   Sync Log:  UNISON 2.48.4 finished propagating changes at 12:04:14.11 on 25 Oct 2017
   Sync Log:  Synchronization complete at 12:04:14  (1 item transferred, 0 skipped, 0 failed)
   Sync Log:  UNISON 2.48.4 started propagating changes at 12:04:47.49 on 25 Oct 2017
   Sync Log:  [BGN] Updating file user.py from /host_sync to /app_sync
   Sync Log:  [END] Updating file user.py
   Sync Log:  UNISON 2.48.4 finished propagating changes at 12:04:47.49 on 25 Oct 2017
   Sync Log:  Synchronization complete at 12:04:47  (1 item transferred, 0 skipped, 0 failed)
   Sync Log:  UNISON 2.48.4 started propagating changes at 12:04:49.51 on 25 Oct 2017
   Sync Log:  [BGN] Updating file __pycache__/user.cpython-36.pyc from /host_sync to /app_sync
   Sync Log:  [END] Updating file __pycache__/user.cpython-36.pyc
   Sync Log:  UNISON 2.48.4 finished propagating changes at 12:04:49.51 on 25 Oct 2017
   Sync Log:  Synchronization complete at 12:04:49  (1 item transferred, 0 skipped, 0 failed)
   Sync Log:  UNISON 2.48.4 started propagating changes at 12:06:08.74 on 25 Oct 2017
   Sync Log:  [BGN] Updating file __pycache__/user.cpython-36.pyc from /host_sync to /app_sync
   Sync Log:  [END] Updating file __pycache__/user.cpython-36.pyc
   Sync Log:  [BGN] Updating file user.py from /host_sync to /app_sync
   Sync Log:  [END] Updating file user.py
   Sync Log:  UNISON 2.48.4 finished propagating changes at 12:06:08.74 on 25 Oct 2017
   Sync Log:  Synchronization complete at 12:06:08  (2 items transferred, 0 skipped, 0 failed)
   Sync Log:  UNISON 2.48.4 started propagating changes at 12:06:16.32 on 25 Oct 2017
   Sync Log:  [BGN] Updating file user.py from /host_sync to /app_sync
   Sync Log:  [END] Updating file user.py
   Sync Log:  UNISON 2.48.4 finished propagating changes at 12:06:16.32 on 25 Oct 2017
   Sync Log:  Synchronization complete at 12:06:16  (1 item transferred, 0 skipped, 0 failed)
   Sync Log:  UNISON 2.48.4 started propagating changes at 12:06:17.33 on 25 Oct 2017
   Sync Log:  [BGN] Updating file __pycache__/user.cpython-36.pyc from /host_sync to /app_sync
   Sync Log:  [END] Updating file __pycache__/user.cpython-36.pyc
   Sync Log:  UNISON 2.48.4 finished propagating changes at 12:06:17.34 on 25 Oct 2017
   Sync Log:  Synchronization complete at 12:06:17  (1 item transferred, 0 skipped, 0 failed)
   Sync Log:  UNISON 2.48.4 started propagating changes at 12:06:37.40 on 25 Oct 2017
   Sync Log:  [BGN] Updating file user.py from /host_sync to /app_sync
   Sync Log:  [END] Updating file user.py
   Sync Log:  UNISON 2.48.4 finished propagating changes at 12:06:37.40 on 25 Oct 2017
   Sync Log:  Synchronization complete at 12:06:37  (1 item transferred, 0 skipped, 0 failed)
   Sync Log:  UNISON 2.48.4 started propagating changes at 12:06:38.41 on 25 Oct 2017
   Sync Log:  [BGN] Updating file __pycache__/user.cpython-36.pyc from /host_sync to /app_sync
   Sync Log:  [END] Updating file __pycache__/user.cpython-36.pyc
   Sync Log:  UNISON 2.48.4 finished propagating changes at 12:06:38.41 on 25 Oct 2017
   Sync Log:  Synchronization complete at 12:06:38  (1 item transferred, 0 skipped, 0 failed)
   Sync Log:  UNISON 2.48.4 started propagating changes at 12:06:41.44 on 25 Oct 2017
   Sync Log:  [BGN] Updating file __pycache__/user.cpython-36.pyc from /host_sync to /app_sync
   Sync Log:  [END] Updating file __pycache__/user.cpython-36.pyc
   Sync Log:  UNISON 2.48.4 finished propagating changes at 12:06:41.44 on 25 Oct 2017
   Sync Log:  Synchronization complete at 12:06:41  (1 item transferred, 0 skipped, 0 failed)
   Sync Log:  UNISON 2.48.4 started propagating changes at 12:07:05.82 on 25 Oct 2017
   Sync Log:  [BGN] Updating file __pycache__/user.cpython-36.pyc from /host_sync to /app_sync
   Sync Log:  [END] Updating file __pycache__/user.cpython-36.pyc
   Sync Log:  UNISON 2.48.4 finished propagating changes at 12:07:05.82 on 25 Oct 2017
   Sync Log:  Synchronization complete at 12:07:05  (1 item transferred, 0 skipped, 0 failed)
   Sync Log:  UNISON 2.48.4 started propagating changes at 12:07:20.44 on 25 Oct 2017
   Sync Log:  [BGN] Updating file user.py from /host_sync to /app_sync
   Sync Log:  [END] Updating file user.py
   Sync Log:  UNISON 2.48.4 finished propagating changes at 12:07:20.44 on 25 Oct 2017
   Sync Log:  Synchronization complete at 12:07:20  (1 item transferred, 0 skipped, 0 failed)
   Sync Log:  UNISON 2.48.4 started propagating changes at 12:07:22.46 on 25 Oct 2017
   Sync Log:  [BGN] Updating file __pycache__/user.cpython-36.pyc from /host_sync to /app_sync
   Sync Log:  [END] Updating file __pycache__/user.cpython-36.pyc
   Sync Log:  UNISON 2.48.4 finished propagating changes at 12:07:22.47 on 25 Oct 2017
   Sync Log:  Synchronization complete at 12:07:22  (1 item transferred, 0 skipped, 0 failed)
   Sync Log:  UNISON 2.48.4 started propagating changes at 12:07:42.69 on 25 Oct 2017
   Sync Log:  [BGN] Updating file __pycache__/user.cpython-36.pyc from /host_sync to /app_sync
   Sync Log:  [END] Updating file __pycache__/user.cpython-36.pyc
   Sync Log:  UNISON 2.48.4 finished propagating changes at 12:07:42.69 on 25 Oct 2017
   Sync Log:  Synchronization complete at 12:07:42  (1 item transferred, 0 skipped, 0 failed)
   Sync Log:  UNISON 2.48.4 started propagating changes at 12:07:54.53 on 25 Oct 2017
   Sync Log:  [BGN] Updating file user.py from /host_sync to /app_sync
   Sync Log:  [END] Updating file user.py
   Sync Log:  UNISON 2.48.4 finished propagating changes at 12:07:54.53 on 25 Oct 2017
   Sync Log:  Synchronization complete at 12:07:54  (1 item transferred, 0 skipped, 0 failed)
   Sync Log:  UNISON 2.48.4 started propagating changes at 12:07:55.54 on 25 Oct 2017
   Sync Log:  [BGN] Updating file __pycache__/user.cpython-36.pyc from /host_sync to /app_sync
   Sync Log:  [END] Updating file __pycache__/user.cpython-36.pyc
   Sync Log:  UNISON 2.48.4 finished propagating changes at 12:07:55.54 on 25 Oct 2017
   Sync Log:  Synchronization complete at 12:07:55  (1 item transferred, 0 skipped, 0 failed)
   Sync Log:  UNISON 2.48.4 started propagating changes at 12:08:15.72 on 25 Oct 2017
   Sync Log:  [BGN] Updating file __pycache__/user.cpython-36.pyc from /host_sync to /app_sync
   Sync Log:  [END] Updating file __pycache__/user.cpython-36.pyc
   Sync Log:  [BGN] Updating file user.py from /host_sync to /app_sync
   Sync Log:  [END] Updating file user.py
   Sync Log:  UNISON 2.48.4 finished propagating changes at 12:08:15.72 on 25 Oct 2017
   Sync Log:  Synchronization complete at 12:08:15  (2 items transferred, 0 skipped, 0 failed)
   Sync Log:  UNISON 2.48.4 started propagating changes at 12:08:19.26 on 25 Oct 2017
   Sync Log:  [BGN] Updating file __pycache__/user.cpython-36.pyc from /host_sync to /app_sync
   Sync Log:  [END] Updating file __pycache__/user.cpython-36.pyc
   Sync Log:  UNISON 2.48.4 finished propagating changes at 12:08:19.26 on 25 Oct 2017
   Sync Log:  Synchronization complete at 12:08:19  (1 item transferred, 0 skipped, 0 failed)
   Sync Log:  UNISON 2.48.4 started propagating changes at 12:08:26.31 on 25 Oct 2017
   Sync Log:  [BGN] Updating file user.py from /host_sync to /app_sync
   Sync Log:  [END] Updating file user.py
   Sync Log:  UNISON 2.48.4 finished propagating changes at 12:08:26.32 on 25 Oct 2017
   Sync Log:  Synchronization complete at 12:08:26  (1 item transferred, 0 skipped, 0 failed)
   Sync Log:  UNISON 2.48.4 started propagating changes at 12:08:28.33 on 25 Oct 2017
   Sync Log:  [BGN] Updating file __pycache__/user.cpython-36.pyc from /host_sync to /app_sync
   Sync Log:  [END] Updating file __pycache__/user.cpython-36.pyc
   Sync Log:  UNISON 2.48.4 finished propagating changes at 12:08:28.33 on 25 Oct 2017
   Sync Log:  Synchronization complete at 12:08:28  (1 item transferred, 0 skipped, 0 failed)
   Sync Log:  UNISON 2.48.4 started propagating changes at 12:08:38.69 on 25 Oct 2017
   Sync Log:  [BGN] Updating file __pycache__/user.cpython-36.pyc from /host_sync to /app_sync
   Sync Log:  [END] Updating file __pycache__/user.cpython-36.pyc
   Sync Log:  UNISON 2.48.4 finished propagating changes at 12:08:38.70 on 25 Oct 2017
   Sync Log:  Synchronization complete at 12:08:38  (1 item transferred, 0 skipped, 0 failed)
   Sync Log:  UNISON 2.48.4 started propagating changes at 12:08:45.60 on 25 Oct 2017
   Sync Log:  [BGN] Updating file __pycache__/user.cpython-36.pyc from /host_sync to /app_sync
   Sync Log:  [END] Updating file __pycache__/user.cpython-36.pyc
   Sync Log:  UNISON 2.48.4 finished propagating changes at 12:08:45.61 on 25 Oct 2017
   Sync Log:  Synchronization complete at 12:08:45  (1 item transferred, 0 skipped, 0 failed)
   Sync Log:  UNISON 2.48.4 started propagating changes at 12:09:01.60 on 25 Oct 2017
   Sync Log:  [BGN] Updating file __pycache__/user.cpython-36.pyc from /host_sync to /app_sync
   Sync Log:  [END] Updating file __pycache__/user.cpython-36.pyc
   Sync Log:  UNISON 2.48.4 finished propagating changes at 12:09:01.61 on 25 Oct 2017
   Sync Log:  Synchronization complete at 12:09:01  (1 item transferred, 0 skipped, 0 failed)
   Sync Log:  UNISON 2.48.4 started propagating changes at 12:09:25.22 on 25 Oct 2017
   Sync Log:  [BGN] Updating file user.py from /host_sync to /app_sync
   Sync Log:  [END] Updating file user.py
   Sync Log:  UNISON 2.48.4 finished propagating changes at 12:09:25.22 on 25 Oct 2017
   Sync Log:  Synchronization complete at 12:09:25  (1 item transferred, 0 skipped, 0 failed)
   Sync Log:  UNISON 2.48.4 started propagating changes at 12:09:26.23 on 25 Oct 2017
   Sync Log:  [BGN] Updating file __pycache__/user.cpython-36.pyc from /host_sync to /app_sync
   Sync Log:  [END] Updating file __pycache__/user.cpython-36.pyc
   Sync Log:  UNISON 2.48.4 finished propagating changes at 12:09:26.23 on 25 Oct 2017
   Sync Log:  Synchronization complete at 12:09:26  (1 item transferred, 0 skipped, 0 failed)
   Sync Log:  UNISON 2.48.4 started propagating changes at 12:09:36.48 on 25 Oct 2017
   Sync Log:  [BGN] Updating file templates/register.html from /host_sync to /app_sync
   Sync Log:  [END] Updating file templates/register.html
   Sync Log:  UNISON 2.48.4 finished propagating changes at 12:09:36.48 on 25 Oct 2017
   Sync Log:  Synchronization complete at 12:09:36  (1 item transferred, 0 skipped, 0 failed)
   Sync Log:  UNISON 2.48.4 started propagating changes at 12:09:49.75 on 25 Oct 2017
   Sync Log:  [BGN] Updating file app.py from /host_sync to /app_sync
   Sync Log:  [END] Updating file app.py
   Sync Log:  UNISON 2.48.4 finished propagating changes at 12:09:49.75 on 25 Oct 2017
   Sync Log:  Synchronization complete at 12:09:49  (1 item transferred, 0 skipped, 0 failed)
   Sync Log:  UNISON 2.48.4 started propagating changes at 12:10:35.29 on 25 Oct 2017
   Sync Log:  [BGN] Updating file LeVinEmployee.db from /host_sync to /app_sync
   Sync Log:  [END] Updating file LeVinEmployee.db
   Sync Log:  UNISON 2.48.4 finished propagating changes at 12:10:35.30 on 25 Oct 2017
   Sync Log:  Synchronization complete at 12:10:35  (1 item transferred, 0 skipped, 0 failed)
   Sync Log:  UNISON 2.48.4 started propagating changes at 12:10:56.48 on 25 Oct 2017
   Sync Log:  [BGN] Updating file LeVinEmployee.db-journal from /host_sync to /app_sync
   Sync Log:  [END] Updating file LeVinEmployee.db-journal
   Sync Log:  UNISON 2.48.4 finished propagating changes at 12:10:56.48 on 25 Oct 2017
   Sync Log:  Synchronization complete at 12:10:56  (1 item transferred, 0 skipped, 0 failed)
   Sync Log:  UNISON 2.48.4 started propagating changes at 12:11:21.74 on 25 Oct 2017
   Sync Log:  [BGN] Updating file LeVinEmployee.db from /host_sync to /app_sync
   Sync Log:  [END] Updating file LeVinEmployee.db
   Sync Log:  UNISON 2.48.4 finished propagating changes at 12:11:21.75 on 25 Oct 2017
   Sync Log:  Synchronization complete at 12:11:21  (1 item transferred, 0 skipped, 0 failed)
